#
# A fatal error has been detected by the Java Runtime Environment:
#
#  EXCEPTION_ACCESS_VIOLATION (0xc0000005) at pc=0x00007ff8da58b5b3, pid=11780, tid=11204
#
# JRE version: OpenJDK Runtime Environment AdoptOpenJDK-16.0.1+9 (16.0.1+9) (build 16.0.1+9)
# Java VM: OpenJDK 64-Bit Server VM AdoptOpenJDK-16.0.1+9 (16.0.1+9, mixed mode, sharing, tiered, compressed oops, compressed class ptrs, g1 gc, windows-amd64)
# Problematic frame:
# C  [nvoglv64.dll+0xe9b5b3]
#
# No core dump will be written. Minidumps are not enabled by default on client versions of Windows
#
# If you would like to submit a bug report, please visit:
#   https://github.com/AdoptOpenJDK/openjdk-support/issues
# The crash happened outside the Java Virtual Machine in native code.
# See problematic frame for where to report the bug.
#

---------------  S U M M A R Y ------------

Command Line: -javaagent:C:\Program Files\JetBrains\IntelliJ IDEA Community Edition 2021.1.2\lib\idea_rt.jar=4091:C:\Program Files\JetBrains\IntelliJ IDEA Community Edition 2021.1.2\bin -Dfile.encoding=UTF-8 com.entity.game.client.Main

Host: AMD Ryzen 7 3800X 8-Core Processor             , 16 cores, 31G,  Windows 10 , 64 bit Build 19041 (10.0.19041.1202)
Time: Tue Oct 26 17:14:53 2021 FLE Daylight Time elapsed time: 1191.565958 seconds (0d 0h 19m 51s)

---------------  T H R E A D  ---------------

Current thread (0x000001e2a640eaf0):  JavaThread "main" [_thread_in_native, id=11204, stack(0x000000714ad00000,0x000000714ae00000)]

Stack: [0x000000714ad00000,0x000000714ae00000],  sp=0x000000714adfeb80,  free space=1018k
Native frames: (J=compiled Java code, j=interpreted, Vv=VM code, C=native code)
C  [nvoglv64.dll+0xe9b5b3]

Java frames: (J=compiled Java code, j=interpreted, Vv=VM code)
J 2172  org.lwjgl.opengl.GL11C.nglDrawElements(IIIJ)V (0 bytes) @ 0x000001e2b6aba4fe [0x000001e2b6aba4a0+0x000000000000005e]
J 2229 c2 com.entity.game.client.world.Mesh.render()V (24 bytes) @ 0x000001e2b6acfe90 [0x000001e2b6acfe40+0x0000000000000050]
J 2803 c2 com.entity.game.client.voxelhandling.ChunkRenderer.render(Lorg/joml/Vector4f;)V (497 bytes) @ 0x000001e2b6a90a9c [0x000001e2b6a8f8c0+0x00000000000011dc]
J 2873% c2 com.entity.game.client.Main.run()V (911 bytes) @ 0x000001e2b6c1ba5c [0x000001e2b6c1b240+0x000000000000081c]
j  com.entity.game.client.Main.main([Ljava/lang/String;)V+7
v  ~StubRoutines::call_stub

siginfo: EXCEPTION_ACCESS_VIOLATION (0xc0000005), reading address 0x0000000000000000


Register to memory mapping:

RIP=0x00007ff8da58b5b3 nvoglv64.dll
RAX=0x00000000fffe8020 is an unknown value
RBX=0x000001e3284124c0 points into unknown readable memory: 0x0000000000000000 | 00 00 00 00 00 00 00 00
RCX=0x0 is NULL
RDX=0x0000000000000020 is an unknown value
RSP=0x000000714adfeb80 is pointing into the stack for thread: 0x000001e2a640eaf0
RBP=0x0000000000018000 is an unknown value
RSI=0x000001e2d8eb0000 points into unknown readable memory: 0x000001e2d5772640 | 40 26 77 d5 e2 01 00 00
RDI=0x0000000000000bff is an unknown value
R8 =0x0 is NULL
R9 =0x000001e2dc55cef0 points into unknown readable memory: 0x0000000000000000 | 00 00 00 00 00 00 00 00
R10=0x00000000003fffe0 is an unknown value
R11=0x000001e2d597492c points into unknown readable memory: 40 00 40 3a
R12=0x00000000ffffffff is an unknown value
R13=0x000001e2d5962910 points into unknown readable memory: 0x0000140400000009 | 09 00 00 00 04 14 00 00
R14=0x0000000248a124c0 is an unknown value
R15=0x0 is NULL


Registers:
RAX=0x00000000fffe8020, RBX=0x000001e3284124c0, RCX=0x0000000000000000, RDX=0x0000000000000020
RSP=0x000000714adfeb80, RBP=0x0000000000018000, RSI=0x000001e2d8eb0000, RDI=0x0000000000000bff
R8 =0x0000000000000000, R9 =0x000001e2dc55cef0, R10=0x00000000003fffe0, R11=0x000001e2d597492c
R12=0x00000000ffffffff, R13=0x000001e2d5962910, R14=0x0000000248a124c0, R15=0x0000000000000000
RIP=0x00007ff8da58b5b3, EFLAGS=0x0000000000010203

Top of Stack: (sp=0x000000714adfeb80)
0x000000714adfeb80:   00000000ffffffff 00007ff8da57dc27
0x000000714adfeb90:   0000000000000000 0000000000000000
0x000000714adfeba0:   000001e2d8eb0000 0000000000000004
0x000000714adfebb0:   000001e2d5962910 00000000ffffffff
0x000000714adfebc0:   0000000000000004 00007ff8da5855af
0x000000714adfebd0:   0000000248a124c0 000001e2f720a6d0
0x000000714adfebe0:   000000003f800000 0000000000000000
0x000000714adfebf0:   0000000000000004 000001e2d8f08228
0x000000714adfec00:   000001e2d5962910 00000000ffffffff
0x000000714adfec10:   000001e2d8eb0000 0000000000000000
0x000000714adfec20:   0000000000000002 00007ff8da57cfde
0x000000714adfec30:   0000000000030010 0000000000000000
0x000000714adfec40:   0000007100000004 00007ff800018000
0x000000714adfec50:   0000000000000000 0000000000018000
0x000000714adfec60:   0000000000000000 00007ff8da55ded5
0x000000714adfec70:   0000000000000000 000001e2d5962910 

Instructions: (pc=0x00007ff8da58b5b3)
0x00007ff8da58b4b3:   42 18 48 03 c7 48 3b c8 72 06 33 c0 8b e8 eb 17
0x00007ff8da58b4c3:   48 8d 14 29 48 3b d0 76 0e 48 2b c1 48 99 48 2b
0x00007ff8da58b4d3:   c2 48 d1 f8 48 8b e8 44 8b bc 24 c8 00 00 00 44
0x00007ff8da58b4e3:   2b fd 8d 41 0f 45 33 c0 83 e0 f0 2b c1 d1 f8 03
0x00007ff8da58b4f3:   c3 f7 d8 83 e0 0f 48 03 d8 49 63 85 20 81 00 00
0x00007ff8da58b503:   49 8b 94 c5 f8 80 00 00 48 8b 42 40 48 85 c0 75
0x00007ff8da58b513:   05 41 8b c0 eb 11 48 8b 00 48 85 c0 75 05 49 8b
0x00007ff8da58b523:   c0 eb 04 48 8b 40 20 48 8b 80 48 01 00 00 4c 8b
0x00007ff8da58b533:   72 50 48 89 44 24 58 48 b8 ff ff ff ff ff ff ff
0x00007ff8da58b543:   3f 4c 23 f0 4c 2b 72 48 8b d5 4c 03 f3 f6 05 31
0x00007ff8da58b553:   8d 93 01 08 4c 89 74 24 50 0f 84 21 01 00 00 0f
0x00007ff8da58b563:   29 74 24 60 f6 c1 0f 74 1d 0f 1f 40 00 85 d2 74
0x00007ff8da58b573:   15 0f b7 01 ff ca 66 89 03 48 83 c1 04 48 83 c3
0x00007ff8da58b583:   02 f6 c1 0f 75 e7 66 0f 6f 2d 1f 32 17 01 66 0f
0x00007ff8da58b593:   6f 35 27 32 17 01 83 fa 20 0f 8e 9d 00 00 00 8d
0x00007ff8da58b5a3:   42 df c1 e8 05 ff c0 8b f8 f7 d8 c1 e0 05 03 d0
0x00007ff8da58b5b3:   f3 0f 6f 21 f3 0f 6f 41 10 66 0f fe e5 f3 0f 6f
0x00007ff8da58b5c3:   59 20 66 0f fe c5 f3 0f 6f 51 40 66 0f fe dd f3
0x00007ff8da58b5d3:   0f 6f 49 60 66 0f fe d5 66 0f 6b e0 66 0f fe cd
0x00007ff8da58b5e3:   f3 0f 6f 41 30 66 0f fd e6 66 0f fe c5 66 0f 6b
0x00007ff8da58b5f3:   d8 f3 0f 6f 41 50 66 0f fd de 66 0f fe c5 66 0f
0x00007ff8da58b603:   6b d0 f3 0f 6f 41 70 66 0f fd d6 66 0f fe c5 f3
0x00007ff8da58b613:   0f 7f 23 66 0f 6b c8 48 83 e9 80 66 0f fd ce f3
0x00007ff8da58b623:   0f 7f 5b 10 f3 0f 7f 4b 30 f3 0f 7f 53 20 48 83
0x00007ff8da58b633:   c3 40 48 83 ef 01 0f 85 74 ff ff ff 83 fa 08 7e
0x00007ff8da58b643:   3a 8d 42 f7 c1 e8 03 ff c0 8b f8 f7 d8 8d 14 c2
0x00007ff8da58b653:   f3 0f 6f 09 f3 0f 6f 41 10 66 0f fe cd 66 0f fe
0x00007ff8da58b663:   c5 48 83 c1 20 66 0f 6b c8 66 0f fd ce f3 0f 7f
0x00007ff8da58b673:   0b 48 83 c3 10 48 83 ef 01 75 d5 0f 28 74 24 60
0x00007ff8da58b683:   85 d2 74 1c 66 0f 1f 84 00 00 00 00 00 0f b7 01
0x00007ff8da58b693:   48 8d 49 04 66 89 03 48 83 c3 02 83 ea 01 75 ed
0x00007ff8da58b6a3:   45 85 ff 74 0d 41 8b cf 48 8b fb 41 0f b7 c0 66 


Stack slot to memory mapping:
stack at sp + 0 slots: 0x00000000ffffffff is an unknown value
stack at sp + 1 slots: 0x00007ff8da57dc27 nvoglv64.dll
stack at sp + 2 slots: 0x0 is NULL
stack at sp + 3 slots: 0x0 is NULL
stack at sp + 4 slots: 0x000001e2d8eb0000 points into unknown readable memory: 0x000001e2d5772640 | 40 26 77 d5 e2 01 00 00
stack at sp + 5 slots: 0x0000000000000004 is an unknown value
stack at sp + 6 slots: 0x000001e2d5962910 points into unknown readable memory: 0x0000140400000009 | 09 00 00 00 04 14 00 00
stack at sp + 7 slots: 0x00000000ffffffff is an unknown value


---------------  P R O C E S S  ---------------

Threads class SMR info:
_java_thread_list=0x000001e2d51f9140, length=16, elements={
0x000001e2a640eaf0, 0x000001e2d50040a0, 0x000001e2d5005480, 0x000001e2d5013490,
0x000001e2d5014760, 0x000001e2d5018690, 0x000001e2d501db20, 0x000001e2d50215d0,
0x000001e2d502a0d0, 0x000001e2d503cef0, 0x000001e2d501d5d0, 0x000001e2d501e5c0,
0x000001e2d501c5e0, 0x000001e2d501e070, 0x000001e2d501f060, 0x000001e2d501eb10
}

Java Threads: ( => current thread )
=>0x000001e2a640eaf0 JavaThread "main" [_thread_in_native, id=11204, stack(0x000000714ad00000,0x000000714ae00000)]
  0x000001e2d50040a0 JavaThread "Reference Handler" daemon [_thread_blocked, id=4412, stack(0x000000714b400000,0x000000714b500000)]
  0x000001e2d5005480 JavaThread "Finalizer" daemon [_thread_blocked, id=776, stack(0x000000714b500000,0x000000714b600000)]
  0x000001e2d5013490 JavaThread "Signal Dispatcher" daemon [_thread_blocked, id=7756, stack(0x000000714b600000,0x000000714b700000)]
  0x000001e2d5014760 JavaThread "Attach Listener" daemon [_thread_blocked, id=15380, stack(0x000000714b700000,0x000000714b800000)]
  0x000001e2d5018690 JavaThread "Service Thread" daemon [_thread_blocked, id=9536, stack(0x000000714b800000,0x000000714b900000)]
  0x000001e2d501db20 JavaThread "Monitor Deflation Thread" daemon [_thread_blocked, id=1132, stack(0x000000714b900000,0x000000714ba00000)]
  0x000001e2d50215d0 JavaThread "C2 CompilerThread0" daemon [_thread_blocked, id=8020, stack(0x000000714ba00000,0x000000714bb00000)]
  0x000001e2d502a0d0 JavaThread "C1 CompilerThread0" daemon [_thread_blocked, id=11868, stack(0x000000714bb00000,0x000000714bc00000)]
  0x000001e2d503cef0 JavaThread "Sweeper thread" daemon [_thread_blocked, id=15808, stack(0x000000714bc00000,0x000000714bd00000)]
  0x000001e2d501d5d0 JavaThread "Common-Cleaner" daemon [_thread_blocked, id=13608, stack(0x000000714bd00000,0x000000714be00000)]
  0x000001e2d501e5c0 JavaThread "Monitor Ctrl-Break" daemon [_thread_in_native, id=10388, stack(0x000000714c100000,0x000000714c200000)]
  0x000001e2d501c5e0 JavaThread "Notification Thread" daemon [_thread_blocked, id=9424, stack(0x000000714c200000,0x000000714c300000)]
  0x000001e2d501e070 JavaThread "Timer-0" [_thread_blocked, id=1184, stack(0x000000714bf00000,0x000000714c000000)]
  0x000001e2d501f060 JavaThread "Java2D Disposer" daemon [_thread_blocked, id=10916, stack(0x000000714ca00000,0x000000714cb00000)]
  0x000001e2d501eb10 JavaThread "Thread-2" [_thread_in_Java, id=15988, stack(0x000000714be00000,0x000000714bf00000)]

Other Threads:
  0x000001e2d459d800 VMThread "VM Thread" [stack: 0x000000714b300000,0x000000714b400000] [id=8256]
  0x000001e2d53de1a0 WatcherThread [stack: 0x000000714c300000,0x000000714c400000] [id=8528]
  0x000001e2a6487e30 GCTaskThread "GC Thread#0" [stack: 0x000000714ae00000,0x000000714af00000] [id=812]
  0x000001e2d583afd0 GCTaskThread "GC Thread#1" [stack: 0x000000714cc00000,0x000000714cd00000] [id=8696]
  0x000001e2d583acc0 GCTaskThread "GC Thread#2" [stack: 0x000000714cd00000,0x000000714ce00000] [id=8520]
  0x000001e2d583a390 GCTaskThread "GC Thread#3" [stack: 0x000000714ce00000,0x000000714cf00000] [id=5476]
  0x000001e2db8de330 GCTaskThread "GC Thread#4" [stack: 0x000000714cf00000,0x000000714d000000] [id=10268]
  0x000001e2db8dac10 GCTaskThread "GC Thread#5" [stack: 0x000000714d000000,0x000000714d100000] [id=8180]
  0x000001e2db8dbe70 GCTaskThread "GC Thread#6" [stack: 0x000000714d100000,0x000000714d200000] [id=6448]
  0x000001e2db8dd3e0 GCTaskThread "GC Thread#7" [stack: 0x000000714d200000,0x000000714d300000] [id=7276]
  0x000001e2db8dd6f0 GCTaskThread "GC Thread#8" [stack: 0x000000714d300000,0x000000714d400000] [id=9648]
  0x000001e2db8daf20 GCTaskThread "GC Thread#9" [stack: 0x000000714d400000,0x000000714d500000] [id=12348]
  0x000001e2db8dda00 GCTaskThread "GC Thread#10" [stack: 0x000000714d500000,0x000000714d600000] [id=15284]
  0x000001e2db8dc490 GCTaskThread "GC Thread#11" [stack: 0x000000714d600000,0x000000714d700000] [id=1780]
  0x000001e2db8db850 GCTaskThread "GC Thread#12" [stack: 0x000000714c000000,0x000000714c100000] [id=5576]
  0x000001e2a6499f00 ConcurrentGCThread "G1 Main Marker" [stack: 0x000000714af00000,0x000000714b000000] [id=13244]
  0x000001e2a649d130 ConcurrentGCThread "G1 Conc#0" [stack: 0x000000714b000000,0x000000714b100000] [id=15672]
  0x000001e2d444e220 ConcurrentGCThread "G1 Refine#0" [stack: 0x000000714b100000,0x000000714b200000] [id=9788]
  0x000001e2d444eab0 ConcurrentGCThread "G1 Service" [stack: 0x000000714b200000,0x000000714b300000] [id=13532]

Threads with active compile tasks:

VM state: not at safepoint (normal execution)

VM Mutex/Monitor currently owned by a thread: None

Heap address: 0x0000000601000000, size: 8176 MB, Compressed Oops mode: Zero based, Oop shift amount: 3

CDS archive(s) mapped at: [0x0000000800000000-0x0000000800bf0000-0x0000000800bf0000), size 12517376, SharedBaseAddress: 0x0000000800000000, ArchiveRelocationMode: 0.
Compressed class space mapped at: 0x0000000800c00000-0x0000000840c00000, reserved size: 1073741824
Narrow klass base: 0x0000000800000000, Narrow klass shift: 3, Narrow klass range: 0x100000000

GC Precious Log:
 CPUs: 16 total, 16 available
 Memory: 32696M
 Large Page Support: Disabled
 NUMA Support: Disabled
 Compressed Oops: Enabled (Zero based)
 Heap Region Size: 4M
 Heap Min Capacity: 8M
 Heap Initial Capacity: 512M
 Heap Max Capacity: 8176M
 Pre-touch: Disabled
 Parallel Workers: 13
 Concurrent Workers: 3
 Concurrent Refinement Workers: 13
 Periodic GC: Disabled

Heap:
 garbage-first heap   total 757760K, used 416151K [0x0000000601000000, 0x0000000800000000)
  region size 4096K, 49 young (200704K), 1 survivors (4096K)
 Metaspace       used 12006K, committed 12288K, reserved 1064960K
  class space    used 688K, committed 832K, reserved 1048576K

Heap Regions: E=young(eden), S=young(survivor), O=old, HS=humongous(starts), HC=humongous(continues), CS=collection set, F=free, OA=open archive, CA=closed archive, TAMS=top-at-mark-start (previous, next)
|   0|0x0000000601000000, 0x0000000601400000, 0x0000000601400000|100%| O|  |TAMS 0x0000000601000000, 0x0000000601000000| Untracked 
|   1|0x0000000601400000, 0x0000000601800000, 0x0000000601800000|100%| O|  |TAMS 0x0000000601400000, 0x0000000601400000| Untracked 
|   2|0x0000000601800000, 0x0000000601c00000, 0x0000000601c00000|100%| O|  |TAMS 0x0000000601800000, 0x0000000601800000| Untracked 
|   3|0x0000000601c00000, 0x0000000602000000, 0x0000000602000000|100%| O|  |TAMS 0x0000000601c00000, 0x0000000601c00000| Untracked 
|   4|0x0000000602000000, 0x0000000602400000, 0x0000000602400000|100%| O|  |TAMS 0x0000000602000000, 0x0000000602000000| Untracked 
|   5|0x0000000602400000, 0x0000000602800000, 0x0000000602800000|100%| O|  |TAMS 0x0000000602400000, 0x0000000602400000| Untracked 
|   6|0x0000000602800000, 0x0000000602c00000, 0x0000000602c00000|100%| O|  |TAMS 0x0000000602800000, 0x0000000602800000| Untracked 
|   7|0x0000000602c00000, 0x0000000603000000, 0x0000000603000000|100%| O|  |TAMS 0x0000000602c00000, 0x0000000602c00000| Untracked 
|   8|0x0000000603000000, 0x0000000603400000, 0x0000000603400000|100%| O|  |TAMS 0x0000000603000000, 0x0000000603000000| Untracked 
|   9|0x0000000603400000, 0x0000000603800000, 0x0000000603800000|100%| O|  |TAMS 0x0000000603400000, 0x0000000603400000| Untracked 
|  10|0x0000000603800000, 0x0000000603c00000, 0x0000000603c00000|100%| O|  |TAMS 0x0000000603800000, 0x0000000603800000| Untracked 
|  11|0x0000000603c00000, 0x0000000604000000, 0x0000000604000000|100%| O|  |TAMS 0x0000000603c00000, 0x0000000603c00000| Untracked 
|  12|0x0000000604000000, 0x0000000604400000, 0x0000000604400000|100%| O|  |TAMS 0x0000000604000000, 0x0000000604000000| Untracked 
|  13|0x0000000604400000, 0x0000000604800000, 0x0000000604800000|100%| O|  |TAMS 0x0000000604400000, 0x0000000604400000| Untracked 
|  14|0x0000000604800000, 0x0000000604c00000, 0x0000000604c00000|100%| O|  |TAMS 0x0000000604800000, 0x0000000604800000| Untracked 
|  15|0x0000000604c00000, 0x0000000605000000, 0x0000000605000000|100%| O|  |TAMS 0x0000000604c00000, 0x0000000604c00000| Untracked 
|  16|0x0000000605000000, 0x0000000605400000, 0x0000000605400000|100%| O|  |TAMS 0x0000000605000000, 0x0000000605000000| Untracked 
|  17|0x0000000605400000, 0x0000000605800000, 0x0000000605800000|100%| O|  |TAMS 0x0000000605400000, 0x0000000605400000| Untracked 
|  18|0x0000000605800000, 0x0000000605c00000, 0x0000000605c00000|100%| O|  |TAMS 0x0000000605800000, 0x0000000605800000| Untracked 
|  19|0x0000000605c00000, 0x0000000606000000, 0x0000000606000000|100%| O|  |TAMS 0x0000000605c00000, 0x0000000605c00000| Untracked 
|  20|0x0000000606000000, 0x0000000606400000, 0x0000000606400000|100%| O|  |TAMS 0x0000000606000000, 0x0000000606000000| Untracked 
|  21|0x0000000606400000, 0x0000000606800000, 0x0000000606800000|100%| O|  |TAMS 0x0000000606400000, 0x0000000606400000| Untracked 
|  22|0x0000000606800000, 0x0000000606c00000, 0x0000000606c00000|100%| O|  |TAMS 0x0000000606800000, 0x0000000606800000| Untracked 
|  23|0x0000000606c00000, 0x0000000607000000, 0x0000000607000000|100%| O|  |TAMS 0x0000000606c00000, 0x0000000606c00000| Untracked 
|  24|0x0000000607000000, 0x0000000607400000, 0x0000000607400000|100%| O|  |TAMS 0x0000000607000000, 0x0000000607000000| Untracked 
|  25|0x0000000607400000, 0x0000000607800000, 0x0000000607800000|100%| O|  |TAMS 0x0000000607400000, 0x0000000607400000| Untracked 
|  26|0x0000000607800000, 0x0000000607c00000, 0x0000000607c00000|100%| O|  |TAMS 0x0000000607800000, 0x0000000607800000| Untracked 
|  27|0x0000000607c00000, 0x0000000608000000, 0x0000000608000000|100%| O|  |TAMS 0x0000000607c00000, 0x0000000607c00000| Untracked 
|  28|0x0000000608000000, 0x0000000608400000, 0x0000000608400000|100%| O|  |TAMS 0x0000000608000000, 0x0000000608000000| Untracked 
|  29|0x0000000608400000, 0x0000000608800000, 0x0000000608800000|100%| O|  |TAMS 0x0000000608400000, 0x0000000608400000| Untracked 
|  30|0x0000000608800000, 0x0000000608c00000, 0x0000000608c00000|100%| O|  |TAMS 0x0000000608800000, 0x0000000608800000| Untracked 
|  31|0x0000000608c00000, 0x0000000609000000, 0x0000000609000000|100%| O|  |TAMS 0x0000000608c00000, 0x0000000608c00000| Untracked 
|  32|0x0000000609000000, 0x0000000609400000, 0x0000000609400000|100%| O|  |TAMS 0x0000000609000000, 0x0000000609000000| Untracked 
|  33|0x0000000609400000, 0x0000000609800000, 0x0000000609800000|100%| O|  |TAMS 0x0000000609400000, 0x0000000609400000| Untracked 
|  34|0x0000000609800000, 0x0000000609c00000, 0x0000000609c00000|100%| O|  |TAMS 0x0000000609800000, 0x0000000609800000| Untracked 
|  35|0x0000000609c00000, 0x000000060a000000, 0x000000060a000000|100%| O|  |TAMS 0x0000000609c00000, 0x0000000609c00000| Untracked 
|  36|0x000000060a000000, 0x000000060a400000, 0x000000060a400000|100%| O|  |TAMS 0x000000060a000000, 0x000000060a000000| Untracked 
|  37|0x000000060a400000, 0x000000060a800000, 0x000000060a800000|100%| O|  |TAMS 0x000000060a400000, 0x000000060a400000| Untracked 
|  38|0x000000060a800000, 0x000000060ac00000, 0x000000060ac00000|100%| O|  |TAMS 0x000000060a800000, 0x000000060a800000| Untracked 
|  39|0x000000060ac00000, 0x000000060b000000, 0x000000060b000000|100%| O|  |TAMS 0x000000060ac00000, 0x000000060ac00000| Untracked 
|  40|0x000000060b000000, 0x000000060b400000, 0x000000060b400000|100%| O|  |TAMS 0x000000060b000000, 0x000000060b000000| Untracked 
|  41|0x000000060b400000, 0x000000060b800000, 0x000000060b800000|100%| O|  |TAMS 0x000000060b400000, 0x000000060b400000| Untracked 
|  42|0x000000060b800000, 0x000000060bc00000, 0x000000060bc00000|100%| O|  |TAMS 0x000000060b800000, 0x000000060b800000| Untracked 
|  43|0x000000060bc00000, 0x000000060c000000, 0x000000060c000000|100%| O|  |TAMS 0x000000060bc00000, 0x000000060bc00000| Untracked 
|  44|0x000000060c000000, 0x000000060c400000, 0x000000060c400000|100%| O|  |TAMS 0x000000060c000000, 0x000000060c000000| Untracked 
|  45|0x000000060c400000, 0x000000060c800000, 0x000000060c800000|100%| O|  |TAMS 0x000000060c400000, 0x000000060c400000| Untracked 
|  46|0x000000060c800000, 0x000000060cc00000, 0x000000060cc00000|100%| O|  |TAMS 0x000000060c800000, 0x000000060c800000| Untracked 
|  47|0x000000060cc00000, 0x000000060d000000, 0x000000060d000000|100%| O|  |TAMS 0x000000060cc00000, 0x000000060cc00000| Untracked 
|  48|0x000000060d000000, 0x000000060d400000, 0x000000060d400000|100%| O|  |TAMS 0x000000060d000000, 0x000000060d000000| Untracked 
|  49|0x000000060d400000, 0x000000060d800000, 0x000000060d800000|100%| O|  |TAMS 0x000000060d400000, 0x000000060d400000| Untracked 
|  50|0x000000060d800000, 0x000000060dc00000, 0x000000060dc00000|100%| O|  |TAMS 0x000000060d800000, 0x000000060d800000| Untracked 
|  51|0x000000060dc00000, 0x000000060e000000, 0x000000060e000000|100%| O|  |TAMS 0x000000060dc00000, 0x000000060dc00000| Untracked 
|  52|0x000000060e000000, 0x000000060e400000, 0x000000060e400000|100%| O|  |TAMS 0x000000060e000000, 0x000000060e000000| Untracked 
|  53|0x000000060e400000, 0x000000060e800000, 0x000000060e800000|100%| O|  |TAMS 0x000000060e400000, 0x000000060e400000| Untracked 
|  54|0x000000060e800000, 0x000000060ea5fc00, 0x000000060ec00000| 59%| O|  |TAMS 0x000000060e800000, 0x000000060e800000| Untracked 
|  55|0x000000060ec00000, 0x000000060ec00000, 0x000000060f000000|  0%| F|  |TAMS 0x000000060ec00000, 0x000000060ec00000| Untracked 
|  56|0x000000060f000000, 0x000000060f000000, 0x000000060f400000|  0%| F|  |TAMS 0x000000060f000000, 0x000000060f000000| Untracked 
|  57|0x000000060f400000, 0x000000060f400000, 0x000000060f800000|  0%| F|  |TAMS 0x000000060f400000, 0x000000060f400000| Untracked 
|  58|0x000000060f800000, 0x000000060f800000, 0x000000060fc00000|  0%| F|  |TAMS 0x000000060f800000, 0x000000060f800000| Untracked 
|  59|0x000000060fc00000, 0x000000060fc00000, 0x0000000610000000|  0%| F|  |TAMS 0x000000060fc00000, 0x000000060fc00000| Untracked 
|  60|0x0000000610000000, 0x0000000610000000, 0x0000000610400000|  0%| F|  |TAMS 0x0000000610000000, 0x0000000610000000| Untracked 
|  61|0x0000000610400000, 0x0000000610400000, 0x0000000610800000|  0%| F|  |TAMS 0x0000000610400000, 0x0000000610400000| Untracked 
|  62|0x0000000610800000, 0x0000000610800000, 0x0000000610c00000|  0%| F|  |TAMS 0x0000000610800000, 0x0000000610800000| Untracked 
|  63|0x0000000610c00000, 0x0000000610c00000, 0x0000000611000000|  0%| F|  |TAMS 0x0000000610c00000, 0x0000000610c00000| Untracked 
|  64|0x0000000611000000, 0x0000000611000000, 0x0000000611400000|  0%| F|  |TAMS 0x0000000611000000, 0x0000000611000000| Untracked 
|  65|0x0000000611400000, 0x0000000611400000, 0x0000000611800000|  0%| F|  |TAMS 0x0000000611400000, 0x0000000611400000| Untracked 
|  66|0x0000000611800000, 0x0000000611800000, 0x0000000611c00000|  0%| F|  |TAMS 0x0000000611800000, 0x0000000611800000| Untracked 
|  67|0x0000000611c00000, 0x0000000611c00000, 0x0000000612000000|  0%| F|  |TAMS 0x0000000611c00000, 0x0000000611c00000| Untracked 
|  68|0x0000000612000000, 0x0000000612000000, 0x0000000612400000|  0%| F|  |TAMS 0x0000000612000000, 0x0000000612000000| Untracked 
|  69|0x0000000612400000, 0x0000000612400000, 0x0000000612800000|  0%| F|  |TAMS 0x0000000612400000, 0x0000000612400000| Untracked 
|  70|0x0000000612800000, 0x0000000612800000, 0x0000000612c00000|  0%| F|  |TAMS 0x0000000612800000, 0x0000000612800000| Untracked 
|  71|0x0000000612c00000, 0x0000000612c00000, 0x0000000613000000|  0%| F|  |TAMS 0x0000000612c00000, 0x0000000612c00000| Untracked 
|  72|0x0000000613000000, 0x0000000613000000, 0x0000000613400000|  0%| F|  |TAMS 0x0000000613000000, 0x0000000613000000| Untracked 
|  73|0x0000000613400000, 0x0000000613400000, 0x0000000613800000|  0%| F|  |TAMS 0x0000000613400000, 0x0000000613400000| Untracked 
|  74|0x0000000613800000, 0x00000006138060c0, 0x0000000613c00000|  0%| S|CS|TAMS 0x0000000613800000, 0x0000000613800000| Complete 
|  75|0x0000000613c00000, 0x0000000613c00000, 0x0000000614000000|  0%| F|  |TAMS 0x0000000613c00000, 0x0000000613c00000| Untracked 
|  76|0x0000000614000000, 0x0000000614000000, 0x0000000614400000|  0%| F|  |TAMS 0x0000000614000000, 0x0000000614000000| Untracked 
|  77|0x0000000614400000, 0x0000000614400000, 0x0000000614800000|  0%| F|  |TAMS 0x0000000614400000, 0x0000000614400000| Untracked 
|  78|0x0000000614800000, 0x0000000614800000, 0x0000000614c00000|  0%| F|  |TAMS 0x0000000614800000, 0x0000000614800000| Untracked 
|  79|0x0000000614c00000, 0x0000000614c00000, 0x0000000615000000|  0%| F|  |TAMS 0x0000000614c00000, 0x0000000614c00000| Untracked 
|  80|0x0000000615000000, 0x0000000615000000, 0x0000000615400000|  0%| F|  |TAMS 0x0000000615000000, 0x0000000615000000| Untracked 
|  81|0x0000000615400000, 0x0000000615400000, 0x0000000615800000|  0%| F|  |TAMS 0x0000000615400000, 0x0000000615400000| Untracked 
|  82|0x0000000615800000, 0x0000000615800000, 0x0000000615c00000|  0%| F|  |TAMS 0x0000000615800000, 0x0000000615800000| Untracked 
|  83|0x0000000615c00000, 0x0000000615c00000, 0x0000000616000000|  0%| F|  |TAMS 0x0000000615c00000, 0x0000000615c00000| Untracked 
|  84|0x0000000616000000, 0x0000000616000000, 0x0000000616400000|  0%| F|  |TAMS 0x0000000616000000, 0x0000000616000000| Untracked 
|  85|0x0000000616400000, 0x0000000616400000, 0x0000000616800000|  0%| F|  |TAMS 0x0000000616400000, 0x0000000616400000| Untracked 
|  86|0x0000000616800000, 0x0000000616800000, 0x0000000616c00000|  0%| F|  |TAMS 0x0000000616800000, 0x0000000616800000| Untracked 
|  87|0x0000000616c00000, 0x0000000616c00000, 0x0000000617000000|  0%| F|  |TAMS 0x0000000616c00000, 0x0000000616c00000| Untracked 
|  88|0x0000000617000000, 0x0000000617000000, 0x0000000617400000|  0%| F|  |TAMS 0x0000000617000000, 0x0000000617000000| Untracked 
|  89|0x0000000617400000, 0x0000000617400000, 0x0000000617800000|  0%| F|  |TAMS 0x0000000617400000, 0x0000000617400000| Untracked 
|  90|0x0000000617800000, 0x0000000617800000, 0x0000000617c00000|  0%| F|  |TAMS 0x0000000617800000, 0x0000000617800000| Untracked 
|  91|0x0000000617c00000, 0x0000000617c00000, 0x0000000618000000|  0%| F|  |TAMS 0x0000000617c00000, 0x0000000617c00000| Untracked 
|  92|0x0000000618000000, 0x0000000618000000, 0x0000000618400000|  0%| F|  |TAMS 0x0000000618000000, 0x0000000618000000| Untracked 
|  93|0x0000000618400000, 0x0000000618400000, 0x0000000618800000|  0%| F|  |TAMS 0x0000000618400000, 0x0000000618400000| Untracked 
|  94|0x0000000618800000, 0x0000000618800000, 0x0000000618c00000|  0%| F|  |TAMS 0x0000000618800000, 0x0000000618800000| Untracked 
|  95|0x0000000618c00000, 0x0000000618c00000, 0x0000000619000000|  0%| F|  |TAMS 0x0000000618c00000, 0x0000000618c00000| Untracked 
|  96|0x0000000619000000, 0x0000000619000000, 0x0000000619400000|  0%| F|  |TAMS 0x0000000619000000, 0x0000000619000000| Untracked 
|  97|0x0000000619400000, 0x0000000619400000, 0x0000000619800000|  0%| F|  |TAMS 0x0000000619400000, 0x0000000619400000| Untracked 
|  98|0x0000000619800000, 0x0000000619800000, 0x0000000619c00000|  0%| F|  |TAMS 0x0000000619800000, 0x0000000619800000| Untracked 
|  99|0x0000000619c00000, 0x0000000619c00000, 0x000000061a000000|  0%| F|  |TAMS 0x0000000619c00000, 0x0000000619c00000| Untracked 
| 100|0x000000061a000000, 0x000000061a000000, 0x000000061a400000|  0%| F|  |TAMS 0x000000061a000000, 0x000000061a000000| Untracked 
| 101|0x000000061a400000, 0x000000061a400000, 0x000000061a800000|  0%| F|  |TAMS 0x000000061a400000, 0x000000061a400000| Untracked 
| 102|0x000000061a800000, 0x000000061a800000, 0x000000061ac00000|  0%| F|  |TAMS 0x000000061a800000, 0x000000061a800000| Untracked 
| 103|0x000000061ac00000, 0x000000061ac00000, 0x000000061b000000|  0%| F|  |TAMS 0x000000061ac00000, 0x000000061ac00000| Untracked 
| 104|0x000000061b000000, 0x000000061b000000, 0x000000061b400000|  0%| F|  |TAMS 0x000000061b000000, 0x000000061b000000| Untracked 
| 105|0x000000061b400000, 0x000000061b400000, 0x000000061b800000|  0%| F|  |TAMS 0x000000061b400000, 0x000000061b400000| Untracked 
| 106|0x000000061b800000, 0x000000061b800000, 0x000000061bc00000|  0%| F|  |TAMS 0x000000061b800000, 0x000000061b800000| Untracked 
| 107|0x000000061bc00000, 0x000000061bc00000, 0x000000061c000000|  0%| F|  |TAMS 0x000000061bc00000, 0x000000061bc00000| Untracked 
| 108|0x000000061c000000, 0x000000061c000000, 0x000000061c400000|  0%| F|  |TAMS 0x000000061c000000, 0x000000061c000000| Untracked 
| 109|0x000000061c400000, 0x000000061c400000, 0x000000061c800000|  0%| F|  |TAMS 0x000000061c400000, 0x000000061c400000| Untracked 
| 110|0x000000061c800000, 0x000000061c800000, 0x000000061cc00000|  0%| F|  |TAMS 0x000000061c800000, 0x000000061c800000| Untracked 
| 111|0x000000061cc00000, 0x000000061cc00000, 0x000000061d000000|  0%| F|  |TAMS 0x000000061cc00000, 0x000000061cc00000| Untracked 
| 112|0x000000061d000000, 0x000000061d000000, 0x000000061d400000|  0%| F|  |TAMS 0x000000061d000000, 0x000000061d000000| Untracked 
| 113|0x000000061d400000, 0x000000061d400000, 0x000000061d800000|  0%| F|  |TAMS 0x000000061d400000, 0x000000061d400000| Untracked 
| 114|0x000000061d800000, 0x000000061d800000, 0x000000061dc00000|  0%| F|  |TAMS 0x000000061d800000, 0x000000061d800000| Untracked 
| 115|0x000000061dc00000, 0x000000061dc00000, 0x000000061e000000|  0%| F|  |TAMS 0x000000061dc00000, 0x000000061dc00000| Untracked 
| 116|0x000000061e000000, 0x000000061e000000, 0x000000061e400000|  0%| F|  |TAMS 0x000000061e000000, 0x000000061e000000| Untracked 
| 117|0x000000061e400000, 0x000000061e400000, 0x000000061e800000|  0%| F|  |TAMS 0x000000061e400000, 0x000000061e400000| Untracked 
| 118|0x000000061e800000, 0x000000061e800000, 0x000000061ec00000|  0%| F|  |TAMS 0x000000061e800000, 0x000000061e800000| Untracked 
| 119|0x000000061ec00000, 0x000000061ec00000, 0x000000061f000000|  0%| F|  |TAMS 0x000000061ec00000, 0x000000061ec00000| Untracked 
| 120|0x000000061f000000, 0x000000061f000000, 0x000000061f400000|  0%| F|  |TAMS 0x000000061f000000, 0x000000061f000000| Untracked 
| 121|0x000000061f400000, 0x000000061f400000, 0x000000061f800000|  0%| F|  |TAMS 0x000000061f400000, 0x000000061f400000| Untracked 
| 122|0x000000061f800000, 0x000000061f800000, 0x000000061fc00000|  0%| F|  |TAMS 0x000000061f800000, 0x000000061f800000| Untracked 
| 123|0x000000061fc00000, 0x000000061fc00000, 0x0000000620000000|  0%| F|  |TAMS 0x000000061fc00000, 0x000000061fc00000| Untracked 
| 124|0x0000000620000000, 0x0000000620000000, 0x0000000620400000|  0%| F|  |TAMS 0x0000000620000000, 0x0000000620000000| Untracked 
| 125|0x0000000620400000, 0x0000000620400000, 0x0000000620800000|  0%| F|  |TAMS 0x0000000620400000, 0x0000000620400000| Untracked 
| 126|0x0000000620800000, 0x0000000620800000, 0x0000000620c00000|  0%| F|  |TAMS 0x0000000620800000, 0x0000000620800000| Untracked 
| 127|0x0000000620c00000, 0x0000000620c00000, 0x0000000621000000|  0%| F|  |TAMS 0x0000000620c00000, 0x0000000620c00000| Untracked 
| 128|0x0000000621000000, 0x0000000621000000, 0x0000000621400000|  0%| F|  |TAMS 0x0000000621000000, 0x0000000621000000| Untracked 
| 129|0x0000000621400000, 0x0000000621400000, 0x0000000621800000|  0%| F|  |TAMS 0x0000000621400000, 0x0000000621400000| Untracked 
| 130|0x0000000621800000, 0x0000000621800000, 0x0000000621c00000|  0%| F|  |TAMS 0x0000000621800000, 0x0000000621800000| Untracked 
| 131|0x0000000621c00000, 0x0000000621c00000, 0x0000000622000000|  0%| F|  |TAMS 0x0000000621c00000, 0x0000000621c00000| Untracked 
| 132|0x0000000622000000, 0x0000000622000000, 0x0000000622400000|  0%| F|  |TAMS 0x0000000622000000, 0x0000000622000000| Untracked 
| 133|0x0000000622400000, 0x0000000622400000, 0x0000000622800000|  0%| F|  |TAMS 0x0000000622400000, 0x0000000622400000| Untracked 
| 134|0x0000000622800000, 0x0000000622a00800, 0x0000000622c00000| 50%| E|  |TAMS 0x0000000622800000, 0x0000000622800000| Complete 
| 135|0x0000000622c00000, 0x0000000623000000, 0x0000000623000000|100%| E|CS|TAMS 0x0000000622c00000, 0x0000000622c00000| Complete 
| 136|0x0000000623000000, 0x0000000623400000, 0x0000000623400000|100%| E|CS|TAMS 0x0000000623000000, 0x0000000623000000| Complete 
| 137|0x0000000623400000, 0x0000000623800000, 0x0000000623800000|100%| E|CS|TAMS 0x0000000623400000, 0x0000000623400000| Complete 
| 138|0x0000000623800000, 0x0000000623c00000, 0x0000000623c00000|100%| E|CS|TAMS 0x0000000623800000, 0x0000000623800000| Complete 
| 139|0x0000000623c00000, 0x0000000624000000, 0x0000000624000000|100%| E|CS|TAMS 0x0000000623c00000, 0x0000000623c00000| Complete 
| 140|0x0000000624000000, 0x0000000624400000, 0x0000000624400000|100%| E|CS|TAMS 0x0000000624000000, 0x0000000624000000| Complete 
| 141|0x0000000624400000, 0x0000000624800000, 0x0000000624800000|100%| E|CS|TAMS 0x0000000624400000, 0x0000000624400000| Complete 
| 142|0x0000000624800000, 0x0000000624c00000, 0x0000000624c00000|100%| E|CS|TAMS 0x0000000624800000, 0x0000000624800000| Complete 
| 143|0x0000000624c00000, 0x0000000625000000, 0x0000000625000000|100%| E|CS|TAMS 0x0000000624c00000, 0x0000000624c00000| Complete 
| 144|0x0000000625000000, 0x0000000625400000, 0x0000000625400000|100%| E|CS|TAMS 0x0000000625000000, 0x0000000625000000| Complete 
| 145|0x0000000625400000, 0x0000000625800000, 0x0000000625800000|100%| E|CS|TAMS 0x0000000625400000, 0x0000000625400000| Complete 
| 146|0x0000000625800000, 0x0000000625c00000, 0x0000000625c00000|100%| E|CS|TAMS 0x0000000625800000, 0x0000000625800000| Complete 
| 147|0x0000000625c00000, 0x0000000626000000, 0x0000000626000000|100%| E|CS|TAMS 0x0000000625c00000, 0x0000000625c00000| Complete 
| 148|0x0000000626000000, 0x0000000626400000, 0x0000000626400000|100%| E|CS|TAMS 0x0000000626000000, 0x0000000626000000| Complete 
| 149|0x0000000626400000, 0x0000000626800000, 0x0000000626800000|100%| E|CS|TAMS 0x0000000626400000, 0x0000000626400000| Complete 
| 150|0x0000000626800000, 0x0000000626c00000, 0x0000000626c00000|100%| E|CS|TAMS 0x0000000626800000, 0x0000000626800000| Complete 
| 151|0x0000000626c00000, 0x0000000627000000, 0x0000000627000000|100%| E|CS|TAMS 0x0000000626c00000, 0x0000000626c00000| Complete 
| 152|0x0000000627000000, 0x0000000627400000, 0x0000000627400000|100%| E|CS|TAMS 0x0000000627000000, 0x0000000627000000| Complete 
| 153|0x0000000627400000, 0x0000000627800000, 0x0000000627800000|100%| E|CS|TAMS 0x0000000627400000, 0x0000000627400000| Complete 
| 154|0x0000000627800000, 0x0000000627c00000, 0x0000000627c00000|100%| E|CS|TAMS 0x0000000627800000, 0x0000000627800000| Complete 
| 155|0x0000000627c00000, 0x0000000628000000, 0x0000000628000000|100%| E|CS|TAMS 0x0000000627c00000, 0x0000000627c00000| Complete 
| 156|0x0000000628000000, 0x0000000628400000, 0x0000000628400000|100%| E|CS|TAMS 0x0000000628000000, 0x0000000628000000| Complete 
| 157|0x0000000628400000, 0x0000000628800000, 0x0000000628800000|100%| E|CS|TAMS 0x0000000628400000, 0x0000000628400000| Complete 
| 158|0x0000000628800000, 0x0000000628c00000, 0x0000000628c00000|100%| E|CS|TAMS 0x0000000628800000, 0x0000000628800000| Complete 
| 159|0x0000000628c00000, 0x0000000629000000, 0x0000000629000000|100%| E|CS|TAMS 0x0000000628c00000, 0x0000000628c00000| Complete 
| 160|0x0000000629000000, 0x0000000629400000, 0x0000000629400000|100%| E|CS|TAMS 0x0000000629000000, 0x0000000629000000| Complete 
| 161|0x0000000629400000, 0x0000000629800000, 0x0000000629800000|100%| E|CS|TAMS 0x0000000629400000, 0x0000000629400000| Complete 
| 162|0x0000000629800000, 0x0000000629c00000, 0x0000000629c00000|100%| E|CS|TAMS 0x0000000629800000, 0x0000000629800000| Complete 
| 163|0x0000000629c00000, 0x000000062a000000, 0x000000062a000000|100%| E|CS|TAMS 0x0000000629c00000, 0x0000000629c00000| Complete 
| 164|0x000000062a000000, 0x000000062a400000, 0x000000062a400000|100%| E|CS|TAMS 0x000000062a000000, 0x000000062a000000| Complete 
| 165|0x000000062a400000, 0x000000062a800000, 0x000000062a800000|100%| E|CS|TAMS 0x000000062a400000, 0x000000062a400000| Complete 
| 166|0x000000062a800000, 0x000000062ac00000, 0x000000062ac00000|100%| E|CS|TAMS 0x000000062a800000, 0x000000062a800000| Complete 
| 167|0x000000062ac00000, 0x000000062b000000, 0x000000062b000000|100%| E|CS|TAMS 0x000000062ac00000, 0x000000062ac00000| Complete 
| 168|0x000000062b000000, 0x000000062b400000, 0x000000062b400000|100%| E|CS|TAMS 0x000000062b000000, 0x000000062b000000| Complete 
| 169|0x000000062b400000, 0x000000062b800000, 0x000000062b800000|100%| E|CS|TAMS 0x000000062b400000, 0x000000062b400000| Complete 
| 170|0x000000062b800000, 0x000000062bc00000, 0x000000062bc00000|100%| E|CS|TAMS 0x000000062b800000, 0x000000062b800000| Complete 
| 171|0x000000062bc00000, 0x000000062c000000, 0x000000062c000000|100%| E|CS|TAMS 0x000000062bc00000, 0x000000062bc00000| Complete 
| 172|0x000000062c000000, 0x000000062c400000, 0x000000062c400000|100%| E|CS|TAMS 0x000000062c000000, 0x000000062c000000| Complete 
| 173|0x000000062c400000, 0x000000062c800000, 0x000000062c800000|100%| E|CS|TAMS 0x000000062c400000, 0x000000062c400000| Complete 
| 174|0x000000062c800000, 0x000000062cc00000, 0x000000062cc00000|100%| E|CS|TAMS 0x000000062c800000, 0x000000062c800000| Complete 
| 175|0x000000062cc00000, 0x000000062d000000, 0x000000062d000000|100%| E|CS|TAMS 0x000000062cc00000, 0x000000062cc00000| Complete 
| 176|0x000000062d000000, 0x000000062d400000, 0x000000062d400000|100%| E|CS|TAMS 0x000000062d000000, 0x000000062d000000| Complete 
| 177|0x000000062d400000, 0x000000062d800000, 0x000000062d800000|100%| E|CS|TAMS 0x000000062d400000, 0x000000062d400000| Complete 
| 178|0x000000062d800000, 0x000000062dc00000, 0x000000062dc00000|100%| E|CS|TAMS 0x000000062d800000, 0x000000062d800000| Complete 
| 179|0x000000062dc00000, 0x000000062e000000, 0x000000062e000000|100%| E|CS|TAMS 0x000000062dc00000, 0x000000062dc00000| Complete 
| 180|0x000000062e000000, 0x000000062e400000, 0x000000062e400000|100%| E|CS|TAMS 0x000000062e000000, 0x000000062e000000| Complete 
| 181|0x000000062e400000, 0x000000062e800000, 0x000000062e800000|100%| E|CS|TAMS 0x000000062e400000, 0x000000062e400000| Complete 
| 182|0x000000062e800000, 0x000000062ec00000, 0x000000062ec00000|100%| E|CS|TAMS 0x000000062e800000, 0x000000062e800000| Complete 
| 183|0x000000062ec00000, 0x000000062f000000, 0x000000062f000000|100%| E|CS|TAMS 0x000000062ec00000, 0x000000062ec00000| Complete 
| 184|0x000000062f000000, 0x000000062f400000, 0x000000062f400000|100%| E|CS|TAMS 0x000000062f000000, 0x000000062f000000| Complete 

Card table byte_map: [0x000001e2bf650000,0x000001e2c0650000] _byte_map_base: 0x000001e2bc648000

Marking Bits (Prev, Next): (CMBitMap*) 0x000001e2a6488520, (CMBitMap*) 0x000001e2a6488560
 Prev Bits: [0x000001e2c1650000, 0x000001e2c9610000)
 Next Bits: [0x000001e2c9610000, 0x000001e2d15d0000)

Polling page: 0x000001e2a42a0000

Metaspace:

Usage:
  Non-class:     11.05 MB used.
      Class:    688.77 KB used.
       Both:     11.73 MB used.

Virtual space:
  Non-class space:       16.00 MB reserved,      11.19 MB ( 70%) committed,  2 nodes.
      Class space:        1.00 GB reserved,     832.00 KB ( <1%) committed,  1 nodes.
              Both:        1.02 GB reserved,      12.00 MB (  1%) committed. 

Chunk freelists:
   Non-Class:  161.00 KB
       Class:  3.10 MB
        Both:  3.26 MB

MaxMetaspaceSize: 17179869184.00 GB
CompressedClassSpaceSize: 1.00 GB
 - commit_granule_bytes: 65536.
 - commit_granule_words: 8192.
 - virtual_space_node_default_size: 1048576.
 - enlarge_chunks_in_place: 1.
 - new_chunks_are_fully_committed: 0.
 - uncommit_free_chunks: 1.
 - use_allocation_guard: 0.
 - handle_deallocations: 1.


Internal statistics:

num_allocs_failed_limit: 0.
num_arena_births: 148.
num_arena_deaths: 0.
num_vsnodes_births: 3.
num_vsnodes_deaths: 0.
num_space_committed: 190.
num_space_uncommitted: 0.
num_chunks_returned_to_freelist: 0.
num_chunks_taken_from_freelist: 424.
num_chunk_merges: 0.
num_chunk_splits: 332.
num_chunks_enlarged: 260.
num_purges: 0.

CodeHeap 'non-profiled nmethods': size=119168Kb used=2951Kb max_used=2951Kb free=116216Kb
 bounds [0x000001e2b6960000, 0x000001e2b6c50000, 0x000001e2bddc0000]
CodeHeap 'profiled nmethods': size=119104Kb used=3743Kb max_used=5195Kb free=115360Kb
 bounds [0x000001e2af510000, 0x000001e2afa40000, 0x000001e2b6960000]
CodeHeap 'non-nmethods': size=7488Kb used=1713Kb max_used=3417Kb free=5774Kb
 bounds [0x000001e2aedc0000, 0x000001e2af1a0000, 0x000001e2af510000]
 total_blobs=3587 nmethods=2419 adapters=1081
 compilation: enabled
              stopped_count=0, restarted_count=0
 full_count=0

Compilation events (20 events):
Event: 1091.574 Thread 0x000001e2d502a0d0 3049       3       java.util.HashMap$TreeNode::putTreeVal (314 bytes)
Event: 1091.575 Thread 0x000001e2d502a0d0 nmethod 3049 0x000001e2af536790 code [0x000001e2af536a60, 0x000001e2af537d08]
Event: 1114.924 Thread 0x000001e2d502a0d0 3050       3       com.entity.game.client.world.Chunk::equals (41 bytes)
Event: 1114.925 Thread 0x000001e2d502a0d0 nmethod 3050 0x000001e2af511f10 code [0x000001e2af5120e0, 0x000001e2af5124a8]
Event: 1114.925 Thread 0x000001e2d502a0d0 3051       3       java.util.ArrayDeque::contains (80 bytes)
Event: 1114.925 Thread 0x000001e2d502a0d0 nmethod 3051 0x000001e2af633110 code [0x000001e2af6332e0, 0x000001e2af633788]
Event: 1114.928 Thread 0x000001e2d50215d0 3052       4       com.entity.game.client.world.Chunk::equals (41 bytes)
Event: 1114.928 Thread 0x000001e2d50215d0 nmethod 3052 0x000001e2b6b49390 code [0x000001e2b6b49520, 0x000001e2b6b49638]
Event: 1114.937 Thread 0x000001e2d50215d0 3053       4       java.util.ArrayDeque::contains (80 bytes)
Event: 1114.939 Thread 0x000001e2d50215d0 nmethod 3053 0x000001e2b6ade590 code [0x000001e2b6ade720, 0x000001e2b6ade958]
Event: 1122.563 Thread 0x000001e2d502a0d0 3054       3       com.entity.game.client.world.Player::input (677 bytes)
Event: 1122.565 Thread 0x000001e2d502a0d0 nmethod 3054 0x000001e2af903710 code [0x000001e2af903e60, 0x000001e2af907258]
Event: 1129.682 Thread 0x000001e2d50215d0 3055       4       org.lwjgl.system.MemoryUtil::memFree (18 bytes)
Event: 1129.683 Thread 0x000001e2d50215d0 nmethod 3055 0x000001e2b6ade010 code [0x000001e2b6ade1a0, 0x000001e2b6ade228]
Event: 1157.230 Thread 0x000001e2d50215d0 3056       4       com.entity.game.client.world.Player::input (677 bytes)
Event: 1157.247 Thread 0x000001e2d50215d0 nmethod 3056 0x000001e2b6b2f010 code [0x000001e2b6b2f4c0, 0x000001e2b6b30c38]
Event: 1161.216 Thread 0x000001e2d502a0d0 3057       3       com.entity.game.client.world.Player::input (677 bytes)
Event: 1161.218 Thread 0x000001e2d502a0d0 nmethod 3057 0x000001e2af811790 code [0x000001e2af811ee0, 0x000001e2af8152d8]
Event: 1162.153 Thread 0x000001e2d502a0d0 3058       3       org.lwjgl.system.dyncall.DynCallback::dcbArgInt (16 bytes)
Event: 1162.154 Thread 0x000001e2d502a0d0 nmethod 3058 0x000001e2af57d890 code [0x000001e2af57da60, 0x000001e2af57dcf8]

GC Heap History (20 events):
Event: 1189.665 GC heap before
{Heap before GC invocations=5674 (full 0):
 garbage-first heap   total 757760K, used 670059K [0x0000000601000000, 0x0000000800000000)
  region size 4096K, 110 young (450560K), 1 survivors (4096K)
 Metaspace       used 12006K, committed 12288K, reserved 1064960K
  class space    used 688K, committed 832K, reserved 1048576K
}
Event: 1189.666 GC heap after
{Heap after GC invocations=5675 (full 0):
 garbage-first heap   total 757760K, used 223607K [0x0000000601000000, 0x0000000800000000)
  region size 4096K, 1 young (4096K), 1 survivors (4096K)
 Metaspace       used 12006K, committed 12288K, reserved 1064960K
  class space    used 688K, committed 832K, reserved 1048576K
}
Event: 1189.877 GC heap before
{Heap before GC invocations=5675 (full 0):
 garbage-first heap   total 757760K, used 670071K [0x0000000601000000, 0x0000000800000000)
  region size 4096K, 110 young (450560K), 1 survivors (4096K)
 Metaspace       used 12006K, committed 12288K, reserved 1064960K
  class space    used 688K, committed 832K, reserved 1048576K
}
Event: 1189.878 GC heap after
{Heap after GC invocations=5676 (full 0):
 garbage-first heap   total 757760K, used 223618K [0x0000000601000000, 0x0000000800000000)
  region size 4096K, 1 young (4096K), 1 survivors (4096K)
 Metaspace       used 12006K, committed 12288K, reserved 1064960K
  class space    used 688K, committed 832K, reserved 1048576K
}
Event: 1190.086 GC heap before
{Heap before GC invocations=5676 (full 0):
 garbage-first heap   total 757760K, used 670082K [0x0000000601000000, 0x0000000800000000)
  region size 4096K, 110 young (450560K), 1 survivors (4096K)
 Metaspace       used 12006K, committed 12288K, reserved 1064960K
  class space    used 688K, committed 832K, reserved 1048576K
}
Event: 1190.086 GC heap after
{Heap after GC invocations=5677 (full 0):
 garbage-first heap   total 757760K, used 223628K [0x0000000601000000, 0x0000000800000000)
  region size 4096K, 1 young (4096K), 1 survivors (4096K)
 Metaspace       used 12006K, committed 12288K, reserved 1064960K
  class space    used 688K, committed 832K, reserved 1048576K
}
Event: 1190.292 GC heap before
{Heap before GC invocations=5677 (full 0):
 garbage-first heap   total 757760K, used 670092K [0x0000000601000000, 0x0000000800000000)
  region size 4096K, 110 young (450560K), 1 survivors (4096K)
 Metaspace       used 12006K, committed 12288K, reserved 1064960K
  class space    used 688K, committed 832K, reserved 1048576K
}
Event: 1190.292 GC heap after
{Heap after GC invocations=5678 (full 0):
 garbage-first heap   total 757760K, used 223630K [0x0000000601000000, 0x0000000800000000)
  region size 4096K, 1 young (4096K), 1 survivors (4096K)
 Metaspace       used 12006K, committed 12288K, reserved 1064960K
  class space    used 688K, committed 832K, reserved 1048576K
}
Event: 1190.497 GC heap before
{Heap before GC invocations=5678 (full 0):
 garbage-first heap   total 757760K, used 670094K [0x0000000601000000, 0x0000000800000000)
  region size 4096K, 110 young (450560K), 1 survivors (4096K)
 Metaspace       used 12006K, committed 12288K, reserved 1064960K
  class space    used 688K, committed 832K, reserved 1048576K
}
Event: 1190.497 GC heap after
{Heap after GC invocations=5679 (full 0):
 garbage-first heap   total 757760K, used 223632K [0x0000000601000000, 0x0000000800000000)
  region size 4096K, 1 young (4096K), 1 survivors (4096K)
 Metaspace       used 12006K, committed 12288K, reserved 1064960K
  class space    used 688K, committed 832K, reserved 1048576K
}
Event: 1190.701 GC heap before
{Heap before GC invocations=5679 (full 0):
 garbage-first heap   total 757760K, used 670096K [0x0000000601000000, 0x0000000800000000)
  region size 4096K, 110 young (450560K), 1 survivors (4096K)
 Metaspace       used 12006K, committed 12288K, reserved 1064960K
  class space    used 688K, committed 832K, reserved 1048576K
}
Event: 1190.701 GC heap after
{Heap after GC invocations=5680 (full 0):
 garbage-first heap   total 757760K, used 223632K [0x0000000601000000, 0x0000000800000000)
  region size 4096K, 1 young (4096K), 1 survivors (4096K)
 Metaspace       used 12006K, committed 12288K, reserved 1064960K
  class space    used 688K, committed 832K, reserved 1048576K
}
Event: 1190.908 GC heap before
{Heap before GC invocations=5680 (full 0):
 garbage-first heap   total 757760K, used 670096K [0x0000000601000000, 0x0000000800000000)
  region size 4096K, 110 young (450560K), 1 survivors (4096K)
 Metaspace       used 12006K, committed 12288K, reserved 1064960K
  class space    used 688K, committed 832K, reserved 1048576K
}
Event: 1190.909 GC heap after
{Heap after GC invocations=5681 (full 0):
 garbage-first heap   total 757760K, used 223630K [0x0000000601000000, 0x0000000800000000)
  region size 4096K, 1 young (4096K), 1 survivors (4096K)
 Metaspace       used 12006K, committed 12288K, reserved 1064960K
  class space    used 688K, committed 832K, reserved 1048576K
}
Event: 1191.112 GC heap before
{Heap before GC invocations=5681 (full 0):
 garbage-first heap   total 757760K, used 670094K [0x0000000601000000, 0x0000000800000000)
  region size 4096K, 110 young (450560K), 1 survivors (4096K)
 Metaspace       used 12006K, committed 12288K, reserved 1064960K
  class space    used 688K, committed 832K, reserved 1048576K
}
Event: 1191.112 GC heap after
{Heap after GC invocations=5682 (full 0):
 garbage-first heap   total 757760K, used 223641K [0x0000000601000000, 0x0000000800000000)
  region size 4096K, 1 young (4096K), 1 survivors (4096K)
 Metaspace       used 12006K, committed 12288K, reserved 1064960K
  class space    used 688K, committed 832K, reserved 1048576K
}
Event: 1191.312 GC heap before
{Heap before GC invocations=5682 (full 0):
 garbage-first heap   total 757760K, used 670105K [0x0000000601000000, 0x0000000800000000)
  region size 4096K, 110 young (450560K), 1 survivors (4096K)
 Metaspace       used 12006K, committed 12288K, reserved 1064960K
  class space    used 688K, committed 832K, reserved 1048576K
}
Event: 1191.312 GC heap after
{Heap after GC invocations=5683 (full 0):
 garbage-first heap   total 757760K, used 223639K [0x0000000601000000, 0x0000000800000000)
  region size 4096K, 1 young (4096K), 1 survivors (4096K)
 Metaspace       used 12006K, committed 12288K, reserved 1064960K
  class space    used 688K, committed 832K, reserved 1048576K
}
Event: 1191.512 GC heap before
{Heap before GC invocations=5683 (full 0):
 garbage-first heap   total 757760K, used 670103K [0x0000000601000000, 0x0000000800000000)
  region size 4096K, 110 young (450560K), 1 survivors (4096K)
 Metaspace       used 12006K, committed 12288K, reserved 1064960K
  class space    used 688K, committed 832K, reserved 1048576K
}
Event: 1191.512 GC heap after
{Heap after GC invocations=5684 (full 0):
 garbage-first heap   total 757760K, used 223639K [0x0000000601000000, 0x0000000800000000)
  region size 4096K, 1 young (4096K), 1 survivors (4096K)
 Metaspace       used 12006K, committed 12288K, reserved 1064960K
  class space    used 688K, committed 832K, reserved 1048576K
}

Deoptimization events (20 events):
Event: 1072.006 Thread 0x000001e2d501eb10 DEOPT PACKING pc=0x000001e2af87c7a9 sp=0x000000714beff0a0
Event: 1072.006 Thread 0x000001e2d501eb10 DEOPT UNPACKING pc=0x000001e2aee0dece sp=0x000000714befe570 mode 0
Event: 1072.019 Thread 0x000001e2d501eb10 DEOPT PACKING pc=0x000001e2af87c7a9 sp=0x000000714beff0a0
Event: 1072.019 Thread 0x000001e2d501eb10 DEOPT UNPACKING pc=0x000001e2aee0dece sp=0x000000714befe570 mode 0
Event: 1114.924 Thread 0x000001e2d501eb10 Uncommon trap: trap_request=0xffffff45 fr.pc=0x000001e2b6b490a8 relative=0x0000000000000208
Event: 1114.924 Thread 0x000001e2d501eb10 Uncommon trap: reason=unstable_if action=reinterpret pc=0x000001e2b6b490a8 method=com.entity.game.client.world.Chunk.equals(Ljava/lang/Object;)Z @ 8 c2
Event: 1114.924 Thread 0x000001e2d501eb10 DEOPT PACKING pc=0x000001e2b6b490a8 sp=0x000000714beff230
Event: 1114.924 Thread 0x000001e2d501eb10 DEOPT UNPACKING pc=0x000001e2aee0d72e sp=0x000000714beff150 mode 2
Event: 1114.924 Thread 0x000001e2d501eb10 Uncommon trap: trap_request=0xffffff45 fr.pc=0x000001e2b6aeb088 relative=0x00000000000000e8
Event: 1114.924 Thread 0x000001e2d501eb10 Uncommon trap: reason=unstable_if action=reinterpret pc=0x000001e2b6aeb088 method=com.entity.game.client.world.Chunk.equals(Ljava/lang/Object;)Z @ 8 c2
Event: 1114.924 Thread 0x000001e2d501eb10 DEOPT PACKING pc=0x000001e2b6aeb088 sp=0x000000714beff1b0
Event: 1114.924 Thread 0x000001e2d501eb10 DEOPT UNPACKING pc=0x000001e2aee0d72e sp=0x000000714beff148 mode 2
Event: 1121.688 Thread 0x000001e2a640eaf0 Uncommon trap: trap_request=0xffffff45 fr.pc=0x000001e2b6be77e8 relative=0x0000000000001388
Event: 1121.688 Thread 0x000001e2a640eaf0 Uncommon trap: reason=unstable_if action=reinterpret pc=0x000001e2b6be77e8 method=com.entity.game.client.world.Player.input()V @ 196 c2
Event: 1121.688 Thread 0x000001e2a640eaf0 DEOPT PACKING pc=0x000001e2b6be77e8 sp=0x000000714adfee70
Event: 1121.688 Thread 0x000001e2a640eaf0 DEOPT UNPACKING pc=0x000001e2aee0d72e sp=0x000000714adfee28 mode 2
Event: 1160.341 Thread 0x000001e2a640eaf0 Uncommon trap: trap_request=0xffffff45 fr.pc=0x000001e2b6b30654 relative=0x0000000000001194
Event: 1160.341 Thread 0x000001e2a640eaf0 Uncommon trap: reason=unstable_if action=reinterpret pc=0x000001e2b6b30654 method=com.entity.game.client.world.Player.input()V @ 651 c2
Event: 1160.341 Thread 0x000001e2a640eaf0 DEOPT PACKING pc=0x000001e2b6b30654 sp=0x000000714adfee70
Event: 1160.341 Thread 0x000001e2a640eaf0 DEOPT UNPACKING pc=0x000001e2aee0d72e sp=0x000000714adfee28 mode 2

Classes unloaded (0 events):
No events

Classes redefined (0 events):
No events

Internal exceptions (20 events):
Event: 0.200 Thread 0x000001e2a640eaf0 Exception <a 'java/lang/NoSuchMethodError'{0x0000000620bc4e08}: 'java.lang.Object java.lang.invoke.DirectMethodHandle$Holder.invokeStatic(java.lang.Object, java.lang.Object, int)'> (0x0000000620bc4e08) 
thrown [e:\jenkins\tmp\workspace\build\src\src\hotspot\share\interpreter\linkResolver.cpp, line 790]
Event: 0.201 Thread 0x000001e2a640eaf0 Exception <a 'java/lang/NoSuchMethodError'{0x0000000620bd0f98}: 'void java.lang.invoke.DelegatingMethodHandle$Holder.delegate(java.lang.Object, java.lang.Object, int, java.lang.Object)'> (0x0000000620bd0f98) 
thrown [e:\jenkins\tmp\workspace\build\src\src\hotspot\share\interpreter\linkResolver.cpp, line 790]
Event: 0.201 Thread 0x000001e2a640eaf0 Exception <a 'java/lang/NoSuchMethodError'{0x0000000620bd50e8}: 'int java.lang.invoke.DirectMethodHandle$Holder.invokeSpecial(java.lang.Object, java.lang.Object, java.lang.Object)'> (0x0000000620bd50e8) 
thrown [e:\jenkins\tmp\workspace\build\src\src\hotspot\share\interpreter\linkResolver.cpp, line 790]
Event: 0.229 Thread 0x000001e2a640eaf0 Exception <a 'sun/nio/fs/WindowsException'{0x0000000620444488}> (0x0000000620444488) 
thrown [e:\jenkins\tmp\workspace\build\src\src\hotspot\share\prims\jni.cpp, line 579]
Event: 0.229 Thread 0x000001e2a640eaf0 Exception <a 'sun/nio/fs/WindowsException'{0x00000006204449e8}> (0x00000006204449e8) 
thrown [e:\jenkins\tmp\workspace\build\src\src\hotspot\share\prims\jni.cpp, line 579]
Event: 0.261 Thread 0x000001e2a640eaf0 Exception <a 'sun/nio/fs/WindowsException'{0x000000062052f208}> (0x000000062052f208) 
thrown [e:\jenkins\tmp\workspace\build\src\src\hotspot\share\prims\jni.cpp, line 579]
Event: 0.261 Thread 0x000001e2a640eaf0 Exception <a 'sun/nio/fs/WindowsException'{0x000000062052f588}> (0x000000062052f588) 
thrown [e:\jenkins\tmp\workspace\build\src\src\hotspot\share\prims\jni.cpp, line 579]
Event: 0.611 Thread 0x000001e2a640eaf0 Exception <a 'sun/nio/fs/WindowsException'{0x00000006205c7d60}> (0x00000006205c7d60) 
thrown [e:\jenkins\tmp\workspace\build\src\src\hotspot\share\prims\jni.cpp, line 579]
Event: 0.611 Thread 0x000001e2a640eaf0 Exception <a 'sun/nio/fs/WindowsException'{0x00000006205c8118}> (0x00000006205c8118) 
thrown [e:\jenkins\tmp\workspace\build\src\src\hotspot\share\prims\jni.cpp, line 579]
Event: 0.614 Thread 0x000001e2a640eaf0 Exception <a 'sun/nio/fs/WindowsException'{0x00000006205d7bb0}> (0x00000006205d7bb0) 
thrown [e:\jenkins\tmp\workspace\build\src\src\hotspot\share\prims\jni.cpp, line 579]
Event: 0.614 Thread 0x000001e2a640eaf0 Exception <a 'sun/nio/fs/WindowsException'{0x00000006205d7ea0}> (0x00000006205d7ea0) 
thrown [e:\jenkins\tmp\workspace\build\src\src\hotspot\share\prims\jni.cpp, line 579]
Event: 0.766 Thread 0x000001e2a640eaf0 Exception <a 'java/lang/NoSuchMethodError'{0x000000061ff0ade0}: 'void java.lang.invoke.DirectMethodHandle$Holder.invokeStatic(java.lang.Object, long, int)'> (0x000000061ff0ade0) 
thrown [e:\jenkins\tmp\workspace\build\src\src\hotspot\share\interpreter\linkResolver.cpp, line 790]
Event: 6.850 Thread 0x000001e2a640eaf0 Exception <a 'java/lang/ClassNotFoundException'{0x0000000620463040}: sun/awt/resources/spi/awtProvider> (0x0000000620463040) 
thrown [e:\jenkins\tmp\workspace\build\src\src\hotspot\share\classfile\systemDictionary.cpp, line 256]
Event: 6.861 Thread 0x000001e2a640eaf0 Exception <a 'java/io/FileNotFoundException'{0x00000006204936d0}> (0x00000006204936d0) 
thrown [e:\jenkins\tmp\workspace\build\src\src\hotspot\share\prims\jni.cpp, line 579]
Event: 6.864 Thread 0x000001e2a640eaf0 Exception <a 'java/io/FileNotFoundException'{0x00000006204c1f60}> (0x00000006204c1f60) 
thrown [e:\jenkins\tmp\workspace\build\src\src\hotspot\share\prims\jni.cpp, line 579]
Event: 6.884 Thread 0x000001e2a640eaf0 Exception <a 'java/lang/NoSuchMethodError'{0x000000062062ee20}: 'java.lang.Object java.lang.invoke.DirectMethodHandle$Holder.invokeStaticInit(java.lang.Object, int, int, int, int)'> (0x000000062062ee20) 
thrown [e:\jenkins\tmp\workspace\build\src\src\hotspot\share\interpreter\linkResolver.cpp, line 790]
Event: 6.909 Thread 0x000001e2a640eaf0 Exception <a 'java/lang/NoSuchMethodError'{0x00000006206b3870}: 'java.lang.Object java.lang.invoke.DirectMethodHandle$Holder.invokeStaticInit(java.lang.Object, java.lang.Object, int, int, int, int)'> (0x00000006206b3870) 
thrown [e:\jenkins\tmp\workspace\build\src\src\hotspot\share\interpreter\linkResolver.cpp, line 790]
Event: 138.176 Thread 0x000001e2d501eb10 Implicit null exception at 0x000001e2b6a77367 to 0x000001e2b6a79e04
Event: 1114.924 Thread 0x000001e2d501eb10 Implicit null exception at 0x000001e2b6b48f31 to 0x000001e2b6b49084
Event: 1114.924 Thread 0x000001e2d501eb10 Implicit null exception at 0x000001e2b6aeafd6 to 0x000001e2b6aeb074

Events (20 events):
Event: 1189.665 Executing  VM operation: G1CollectForAllocation
Event: 1189.666 Executing  VM operation: G1CollectForAllocation done
Event: 1189.877 Executing  VM operation: G1CollectForAllocation
Event: 1189.878 Executing  VM operation: G1CollectForAllocation done
Event: 1190.086 Executing  VM operation: G1CollectForAllocation
Event: 1190.086 Executing  VM operation: G1CollectForAllocation done
Event: 1190.292 Executing  VM operation: G1CollectForAllocation
Event: 1190.292 Executing  VM operation: G1CollectForAllocation done
Event: 1190.497 Executing  VM operation: G1CollectForAllocation
Event: 1190.497 Executing  VM operation: G1CollectForAllocation done
Event: 1190.701 Executing  VM operation: G1CollectForAllocation
Event: 1190.701 Executing  VM operation: G1CollectForAllocation done
Event: 1190.908 Executing  VM operation: G1CollectForAllocation
Event: 1190.909 Executing  VM operation: G1CollectForAllocation done
Event: 1191.112 Executing  VM operation: G1CollectForAllocation
Event: 1191.112 Executing  VM operation: G1CollectForAllocation done
Event: 1191.312 Executing  VM operation: G1CollectForAllocation
Event: 1191.312 Executing  VM operation: G1CollectForAllocation done
Event: 1191.512 Executing  VM operation: G1CollectForAllocation
Event: 1191.512 Executing  VM operation: G1CollectForAllocation done


Dynamic libraries:
0x00007ff7d41f0000 - 0x00007ff7d41fe000 	C:\Program Files\AdoptOpenJDK\jdk-16.0.1.9-hotspot\bin\java.exe
0x00007ff91a0b0000 - 0x00007ff91a2a5000 	C:\WINDOWS\SYSTEM32\ntdll.dll
0x00007ff919420000 - 0x00007ff9194de000 	C:\WINDOWS\System32\KERNEL32.DLL
0x00007ff917ba0000 - 0x00007ff917e69000 	C:\WINDOWS\System32\KERNELBASE.dll
0x00007ff917ec0000 - 0x00007ff917fc0000 	C:\WINDOWS\System32\ucrtbase.dll
0x00007ff90e380000 - 0x00007ff90e398000 	C:\Program Files\AdoptOpenJDK\jdk-16.0.1.9-hotspot\bin\jli.dll
0x00007ff90e0d0000 - 0x00007ff90e0e9000 	C:\Program Files\AdoptOpenJDK\jdk-16.0.1.9-hotspot\bin\VCRUNTIME140.dll
0x00007ff919dd0000 - 0x00007ff919f71000 	C:\WINDOWS\System32\USER32.dll
0x00007ff90c950000 - 0x00007ff90cbea000 	C:\WINDOWS\WinSxS\amd64_microsoft.windows.common-controls_6595b64144ccf1df_6.0.19041.1110_none_60b5254171f9507e\COMCTL32.dll
0x00007ff917900000 - 0x00007ff917922000 	C:\WINDOWS\System32\win32u.dll
0x00007ff919f80000 - 0x00007ff919fab000 	C:\WINDOWS\System32\GDI32.dll
0x00007ff919510000 - 0x00007ff9195ae000 	C:\WINDOWS\System32\msvcrt.dll
0x00007ff917930000 - 0x00007ff917a3b000 	C:\WINDOWS\System32\gdi32full.dll
0x00007ff917800000 - 0x00007ff91789d000 	C:\WINDOWS\System32\msvcp_win.dll
0x00007ff9194e0000 - 0x00007ff919510000 	C:\WINDOWS\System32\IMM32.DLL
0x00007ff912190000 - 0x00007ff91219c000 	C:\Program Files\AdoptOpenJDK\jdk-16.0.1.9-hotspot\bin\vcruntime140_1.dll
0x00007ff8f94a0000 - 0x00007ff8f9531000 	C:\Program Files\AdoptOpenJDK\jdk-16.0.1.9-hotspot\bin\msvcp140.dll
0x00007ff8dc080000 - 0x00007ff8dccb8000 	C:\Program Files\AdoptOpenJDK\jdk-16.0.1.9-hotspot\bin\server\jvm.dll
0x00007ff9195b0000 - 0x00007ff91965c000 	C:\WINDOWS\System32\ADVAPI32.dll
0x00007ff9182b0000 - 0x00007ff91834b000 	C:\WINDOWS\System32\sechost.dll
0x00007ff918100000 - 0x00007ff91822a000 	C:\WINDOWS\System32\RPCRT4.dll
0x00007ff919290000 - 0x00007ff919298000 	C:\WINDOWS\System32\PSAPI.DLL
0x00007ff913020000 - 0x00007ff913029000 	C:\WINDOWS\SYSTEM32\WSOCK32.dll
0x00007ff90d9d0000 - 0x00007ff90d9f7000 	C:\WINDOWS\SYSTEM32\WINMM.dll
0x00007ff9113a0000 - 0x00007ff9113aa000 	C:\WINDOWS\SYSTEM32\VERSION.dll
0x00007ff919b90000 - 0x00007ff919bfb000 	C:\WINDOWS\System32\WS2_32.dll
0x00007ff9156f0000 - 0x00007ff915702000 	C:\WINDOWS\SYSTEM32\kernel.appcore.dll
0x00007ff90d740000 - 0x00007ff90d74a000 	C:\Program Files\AdoptOpenJDK\jdk-16.0.1.9-hotspot\bin\jimage.dll
0x00007ff8fef00000 - 0x00007ff8ff0e4000 	C:\WINDOWS\SYSTEM32\DBGHELP.DLL
0x00007ff8feed0000 - 0x00007ff8feefc000 	C:\WINDOWS\SYSTEM32\dbgcore.DLL
0x00007ff917fc0000 - 0x00007ff918043000 	C:\WINDOWS\System32\bcryptPrimitives.dll
0x00007ff9094b0000 - 0x00007ff9094be000 	C:\Program Files\AdoptOpenJDK\jdk-16.0.1.9-hotspot\bin\instrument.dll
0x00007ff9014a0000 - 0x00007ff9014c5000 	C:\Program Files\AdoptOpenJDK\jdk-16.0.1.9-hotspot\bin\java.dll
0x00007ff918370000 - 0x00007ff918aaf000 	C:\WINDOWS\System32\SHELL32.dll
0x00007ff9158f0000 - 0x00007ff916080000 	C:\WINDOWS\SYSTEM32\windows.storage.dll
0x00007ff919830000 - 0x00007ff919b85000 	C:\WINDOWS\System32\combase.dll
0x00007ff917220000 - 0x00007ff91724c000 	C:\WINDOWS\SYSTEM32\Wldp.dll
0x00007ff918be0000 - 0x00007ff918c8d000 	C:\WINDOWS\System32\SHCORE.dll
0x00007ff919c90000 - 0x00007ff919ce5000 	C:\WINDOWS\System32\shlwapi.dll
0x00007ff917710000 - 0x00007ff91772f000 	C:\WINDOWS\SYSTEM32\profapi.dll
0x00007ff8fe750000 - 0x00007ff8fe768000 	C:\Program Files\AdoptOpenJDK\jdk-16.0.1.9-hotspot\bin\zip.dll
0x00007ff8febc0000 - 0x00007ff8febd9000 	C:\Program Files\AdoptOpenJDK\jdk-16.0.1.9-hotspot\bin\net.dll
0x00007ff910590000 - 0x00007ff910698000 	C:\WINDOWS\SYSTEM32\WINHTTP.dll
0x00007ff916f80000 - 0x00007ff916fea000 	C:\WINDOWS\system32\mswsock.dll
0x00007ff8feba0000 - 0x00007ff8febb3000 	C:\Program Files\AdoptOpenJDK\jdk-16.0.1.9-hotspot\bin\nio.dll
0x00007ff8fe730000 - 0x00007ff8fe74a000 	C:\Program Files\JetBrains\IntelliJ IDEA Community Edition 2021.1.2\bin\breakgen64.dll
0x00007ff908cb0000 - 0x00007ff908cc0000 	C:\Program Files\AdoptOpenJDK\jdk-16.0.1.9-hotspot\bin\verify.dll
0x00007ff8f9430000 - 0x00007ff8f9494000 	C:\Users\Samppa\AppData\Local\Temp\lwjglSamppa\3.2.3-build-13\lwjgl.dll
0x00007ff8f5150000 - 0x00007ff8f51b2000 	C:\Users\Samppa\AppData\Local\Temp\lwjglSamppa\3.2.3-build-13\glfw.dll
0x00007ff915120000 - 0x00007ff9151be000 	C:\WINDOWS\system32\uxtheme.dll
0x00007ff8f8e20000 - 0x00007ff8f8e65000 	C:\WINDOWS\SYSTEM32\dinput8.dll
0x00007ff8fe630000 - 0x00007ff8fe641000 	C:\WINDOWS\SYSTEM32\xinput1_4.dll
0x00007ff917e70000 - 0x00007ff917ebe000 	C:\WINDOWS\System32\cfgmgr32.dll
0x00007ff917570000 - 0x00007ff9175a4000 	C:\WINDOWS\SYSTEM32\DEVOBJ.dll
0x00007ff915400000 - 0x00007ff91542f000 	C:\WINDOWS\SYSTEM32\dwmapi.dll
0x00007ff8ff150000 - 0x00007ff8ff2a2000 	C:\WINDOWS\SYSTEM32\inputhost.dll
0x00007ff918c90000 - 0x00007ff918d5d000 	C:\WINDOWS\System32\OLEAUT32.dll
0x00007ff914da0000 - 0x00007ff914e92000 	C:\WINDOWS\SYSTEM32\CoreMessaging.dll
0x00007ff913420000 - 0x00007ff913574000 	C:\WINDOWS\SYSTEM32\wintypes.dll
0x00007ff913320000 - 0x00007ff913416000 	C:\WINDOWS\SYSTEM32\PROPSYS.dll
0x00007ff914a40000 - 0x00007ff914d9e000 	C:\WINDOWS\SYSTEM32\CoreUIComponents.dll
0x00007ff9164c0000 - 0x00007ff9164f3000 	C:\WINDOWS\SYSTEM32\ntmarta.dll
0x00007ff919300000 - 0x00007ff919415000 	C:\WINDOWS\System32\MSCTF.dll
0x00007ff916080000 - 0x00007ff91608d000 	C:\WINDOWS\SYSTEM32\HID.DLL
0x00007ff918e10000 - 0x00007ff919282000 	C:\WINDOWS\System32\SETUPAPI.DLL
0x00007ff9177d0000 - 0x00007ff9177f7000 	C:\WINDOWS\System32\bcrypt.dll
0x00007ff9178a0000 - 0x00007ff917900000 	C:\WINDOWS\System32\WINTRUST.dll
0x00007ff917a40000 - 0x00007ff917b96000 	C:\WINDOWS\System32\CRYPT32.dll
0x00007ff9173b0000 - 0x00007ff9173c2000 	C:\WINDOWS\SYSTEM32\MSASN1.dll
0x00007ff8f15b0000 - 0x00007ff8f16d5000 	C:\WINDOWS\SYSTEM32\opengl32.dll
0x00007ff902a50000 - 0x00007ff902a7c000 	C:\WINDOWS\SYSTEM32\GLU32.dll
0x00007ff918d60000 - 0x00007ff918e09000 	C:\WINDOWS\System32\clbcatq.dll
0x00007ff8d96f0000 - 0x00007ff8dc078000 	C:\WINDOWS\System32\DriverStore\FileRepository\nv_dispi.inf_amd64_8e68f77150e57b50\nvoglv64.dll
0x00007ff918ab0000 - 0x00007ff918bda000 	C:\WINDOWS\System32\ole32.dll
0x00007ff912640000 - 0x00007ff912654000 	C:\WINDOWS\SYSTEM32\WTSAPI32.dll
0x00007ff910ba0000 - 0x00007ff910bd1000 	C:\WINDOWS\SYSTEM32\cryptnet.dll
0x00007ff917170000 - 0x00007ff91717c000 	C:\WINDOWS\SYSTEM32\cryptbase.dll
0x00007ff90e8a0000 - 0x00007ff90e8db000 	C:\WINDOWS\SYSTEM32\dxcore.dll
0x00007ff916d90000 - 0x00007ff916ddb000 	C:\WINDOWS\SYSTEM32\powrprof.dll
0x00007ff916c00000 - 0x00007ff916c12000 	C:\WINDOWS\SYSTEM32\UMPDC.dll
0x00007ff916530000 - 0x00007ff91658a000 	C:\WINDOWS\SYSTEM32\WINSTA.dll
0x00007ff908b60000 - 0x00007ff908c59000 	C:\WINDOWS\SYSTEM32\textinputframework.dll
0x00007ff8f1510000 - 0x00007ff8f1569000 	C:\Users\Samppa\AppData\Local\Temp\lwjglSamppa\3.2.3-build-13\lwjgl_opengl.dll
0x00007ff8f07d0000 - 0x00007ff8f094f000 	C:\Program Files\AdoptOpenJDK\jdk-16.0.1.9-hotspot\bin\awt.dll
0x00007ff915030000 - 0x00007ff9150c0000 	C:\WINDOWS\SYSTEM32\apphelp.dll
0x00007ff917180000 - 0x00007ff917198000 	C:\WINDOWS\SYSTEM32\CRYPTSP.dll
0x00007ff916890000 - 0x00007ff9168c4000 	C:\WINDOWS\system32\rsaenh.dll
0x00007ff9176d0000 - 0x00007ff9176fe000 	C:\WINDOWS\SYSTEM32\USERENV.dll
0x00007ff916c20000 - 0x00007ff916c5b000 	C:\WINDOWS\SYSTEM32\IPHLPAPI.DLL
0x00007ff919820000 - 0x00007ff919828000 	C:\WINDOWS\System32\NSI.dll
0x00007ff911fb0000 - 0x00007ff911fc7000 	C:\WINDOWS\SYSTEM32\dhcpcsvc6.DLL
0x00007ff911f90000 - 0x00007ff911fad000 	C:\WINDOWS\SYSTEM32\dhcpcsvc.DLL
0x00007ff916c60000 - 0x00007ff916d2c000 	C:\WINDOWS\SYSTEM32\DNSAPI.dll

dbghelp: loaded successfully - version: 4.0.5 - missing functions: none
symbol engine: initialized successfully - sym options: 0x614 - pdb path: .;C:\Program Files\AdoptOpenJDK\jdk-16.0.1.9-hotspot\bin;C:\WINDOWS\SYSTEM32;C:\WINDOWS\WinSxS\amd64_microsoft.windows.common-controls_6595b64144ccf1df_6.0.19041.1110_none_60b5254171f9507e;C:\Program Files\AdoptOpenJDK\jdk-16.0.1.9-hotspot\bin\server;C:\Program Files\JetBrains\IntelliJ IDEA Community Edition 2021.1.2\bin;C:\Users\Samppa\AppData\Local\Temp\lwjglSamppa\3.2.3-build-13;C:\WINDOWS\System32\DriverStore\FileRepository\nv_dispi.inf_amd64_8e68f77150e57b50

VM Arguments:
jvm_args: -javaagent:C:\Program Files\JetBrains\IntelliJ IDEA Community Edition 2021.1.2\lib\idea_rt.jar=4091:C:\Program Files\JetBrains\IntelliJ IDEA Community Edition 2021.1.2\bin -Dfile.encoding=UTF-8 
java_command: com.entity.game.client.Main
java_class_path (initial): C:\Users\Samppa\Desktop\VoxelRealms - Remastered\target\classes;C:\Users\Samppa\.m2\repository\org\lwjgl\lwjgl\3.2.3\lwjgl-3.2.3.jar;C:\Users\Samppa\.m2\repository\org\liquidengine\legui\3.3.1\legui-3.3.1.jar;C:\Users\Samppa\.m2\repository\org\reflections\reflections\0.9.11\reflections-0.9.11.jar;C:\Users\Samppa\.m2\repository\org\javassist\javassist\3.21.0-GA\javassist-3.21.0-GA.jar;C:\Users\Samppa\.m2\repository\org\apache\logging\log4j\log4j-core\2.3\log4j-core-2.3.jar;C:\Users\Samppa\.m2\repository\org\apache\logging\log4j\log4j-api\2.3\log4j-api-2.3.jar;C:\Users\Samppa\.m2\repository\commons-io\commons-io\2.7\commons-io-2.7.jar;C:\Users\Samppa\.m2\repository\org\apache\commons\commons-lang3\3.4\commons-lang3-3.4.jar;C:\Users\Samppa\.m2\repository\org\apache\commons\commons-collections4\4.1\commons-collections4-4.1.jar;C:\Users\Samppa\.m2\repository\com\google\guava\guava\19.0\guava-19.0.jar;C:\Users\Samppa\.m2\repository\com\google\code\gson\gson\2.7\gson-2.7.jar;C:\Users\Samppa\.m2\repository\org\liquidengine\cbchain\1.0.0\cbchain-1.0.0.jar;C:\Users\Samppa\.m2\repository\org\lwjgl\lwjgl-stb\3.2.3\lwjgl-stb-3.2.3.jar;C:\Users\Samppa\.m2\repository\org\lwjgl\lwjgl-stb\3.2.3\lwjgl-stb-3.2.3-natives-windows.jar;C:\Users\Samppa\.m2\repository\org\lwjgl\lwjgl-stb\3.2.3\lwjgl-stb-3.2.3-natives-linux.jar;C:\Users\Samppa\.m2\repository\org\lwjgl\lwjgl-stb\3.2.3\lwjgl-stb-3.2.3-natives-macos.jar;C:\Users\Samppa\.m2\repository\org\lwjgl\lwjgl-glfw\3.2.3\lwjgl-glfw-3.2.3-natives-windows.jar;C:\Users\Samppa\.m2\repository\org\lwjgl\lwjgl-glfw\3.2.3\lwjgl-glfw-3.2.3-natives-linux.jar;C:\Users\Samppa\.m2\repository\org\lwjgl\lwjgl-glfw\3.2.3\lwjgl-glfw-3.2.3-natives-macos.jar;C:\Users\Samppa\.m2\repository\org\lwjgl\lwjgl-nanovg\3.2.3\lwjgl-nanovg-3.2.3.jar;C:\Users\Samppa\.m2\repository\org\lwjgl\lwjgl-nanovg\3.2.3\lwjgl-nanovg-3.2.3-natives-windows.jar;C:\Users\Samppa\.m2\repository\org\lwjgl\lwjgl-nanovg\3.2.3\lwjgl-nanovg-3.2.3-natives-linux.
Launcher Type: SUN_STANDARD

[Global flags]
     intx CICompilerCount                          = 12                                        {product} {ergonomic}
     uint ConcGCThreads                            = 3                                         {product} {ergonomic}
     uint G1ConcRefinementThreads                  = 13                                        {product} {ergonomic}
   size_t G1HeapRegionSize                         = 4194304                                   {product} {ergonomic}
    uintx GCDrainStackTargetSize                   = 64                                        {product} {ergonomic}
   size_t InitialHeapSize                          = 536870912                                 {product} {ergonomic}
   size_t MarkStackSize                            = 4194304                                   {product} {ergonomic}
   size_t MaxHeapSize                              = 8573157376                                {product} {ergonomic}
   size_t MaxNewSize                               = 5142216704                                {product} {ergonomic}
   size_t MinHeapDeltaBytes                        = 4194304                                   {product} {ergonomic}
   size_t MinHeapSize                              = 8388608                                   {product} {ergonomic}
    uintx NonNMethodCodeHeapSize                   = 7602480                                {pd product} {ergonomic}
    uintx NonProfiledCodeHeapSize                  = 122027880                              {pd product} {ergonomic}
    uintx ProfiledCodeHeapSize                     = 122027880                              {pd product} {ergonomic}
    uintx ReservedCodeCacheSize                    = 251658240                              {pd product} {ergonomic}
     bool SegmentedCodeCache                       = true                                      {product} {ergonomic}
   size_t SoftMaxHeapSize                          = 8573157376                             {manageable} {ergonomic}
     bool UseCompressedClassPointers               = true                           {product lp64_product} {ergonomic}
     bool UseCompressedOops                        = true                           {product lp64_product} {ergonomic}
     bool UseG1GC                                  = true                                      {product} {ergonomic}
     bool UseLargePagesIndividualAllocation        = false                                  {pd product} {ergonomic}

Logging:
Log output configuration:
 #0: stdout all=warning uptime,level,tags
 #1: stderr all=off uptime,level,tags

Environment Variables:
PATH=C:\Program Files\AdoptOpenJDK\jdk-16.0.1.9-hotspot\bin;C:\Users\Samppa\AppData\Local\Programs\Python\Python39\Scripts\;C:\Users\Samppa\AppData\Local\Programs\Python\Python39\;C:\Program Files (x86)\Common Files\Oracle\Java\javapath;C:\WINDOWS\system32;C:\WINDOWS;C:\WINDOWS\System32\Wbem;C:\WINDOWS\System32\WindowsPowerShell\v1.0\;C:\WINDOWS\System32\OpenSSH\;C:\Program Files (x86)\NVIDIA Corporation\PhysX\Common;C:\ProgramData\chocolatey\bin;C:\Program Files\nodejs\;C:\Program Files\Git\cmd;C:\apache-maven-3.6.3\bin;C:\Program Files\CMake\bin;C:\Program Files\dotnet\;C:\Gradle\gradle-7.1\bin;C:\Program Files\PuTTY\;C:\Users\Samppa\AppData\Local\Programs\Python\Python37\Scripts\;C:\Users\Samppa\AppData\Local\Programs\Python\Python37\;C:\apache-maven-3.8.1\bin
USERNAME=Samppa
OS=Windows_NT
PROCESSOR_IDENTIFIER=AMD64 Family 23 Model 113 Stepping 0, AuthenticAMD



---------------  S Y S T E M  ---------------

OS:
 Windows 10 , 64 bit Build 19041 (10.0.19041.1202)
OS uptime: 6 days 1:40 hours

CPU: total 16 (initial active 16) (16 cores per cpu, 2 threads per core) family 23 model 113 stepping 0 microcode 0x0, cx8, cmov, fxsr, ht, mmx, 3dnowpref, sse, sse2, sse3, ssse3, sse4a, sse4.1, sse4.2, popcnt, lzcnt, tsc, tscinvbit, avx, avx2, aes, clmul, bmi1, bmi2, adx, sha, fma, vzeroupper, clflush, clflushopt

Memory: 4k page, system-wide physical 32696M (23428M free)
TotalPageFile size 37560M (AvailPageFile size 22405M)
current process WorkingSet (physical memory assigned to process): 940M, peak: 940M
current process commit charge ("private bytes"): 2901M, peak: 2905M

vm_info: OpenJDK 64-Bit Server VM (16.0.1+9) for windows-amd64 JRE (16.0.1+9), built on Apr 21 2021 12:30:27 by "" with MS VC++ 16.7 (VS2019)

END.
