#
# A fatal error has been detected by the Java Runtime Environment:
#
#  EXCEPTION_ACCESS_VIOLATION (0xc0000005) at pc=0x00007ffe50a1b5b3, pid=9948, tid=9224
#
# JRE version: OpenJDK Runtime Environment AdoptOpenJDK-16.0.1+9 (16.0.1+9) (build 16.0.1+9)
# Java VM: OpenJDK 64-Bit Server VM AdoptOpenJDK-16.0.1+9 (16.0.1+9, mixed mode, sharing, tiered, compressed oops, compressed class ptrs, g1 gc, windows-amd64)
# Problematic frame:
# C  [nvoglv64.dll+0xe9b5b3]
#
# No core dump will be written. Minidumps are not enabled by default on client versions of Windows
#
# If you would like to submit a bug report, please visit:
#   https://github.com/AdoptOpenJDK/openjdk-support/issues
# The crash happened outside the Java Virtual Machine in native code.
# See problematic frame for where to report the bug.
#

---------------  S U M M A R Y ------------

Command Line: -javaagent:C:\Program Files\JetBrains\IntelliJ IDEA Community Edition 2021.1.2\lib\idea_rt.jar=33436:C:\Program Files\JetBrains\IntelliJ IDEA Community Edition 2021.1.2\bin -Dfile.encoding=UTF-8 com.entity.game.client.Main

Host: AMD Ryzen 7 3800X 8-Core Processor             , 16 cores, 31G,  Windows 10 , 64 bit Build 19041 (10.0.19041.1202)
Time: Thu Oct 28 22:48:40 2021 FLE Daylight Time elapsed time: 26.369536 seconds (0d 0h 0m 26s)

---------------  T H R E A D  ---------------

Current thread (0x000001f5a9b8d290):  JavaThread "main" [_thread_in_native, id=9224, stack(0x0000002818c00000,0x0000002818d00000)]

Stack: [0x0000002818c00000,0x0000002818d00000],  sp=0x0000002818cfed50,  free space=1019k
Native frames: (J=compiled Java code, j=interpreted, Vv=VM code, C=native code)
C  [nvoglv64.dll+0xe9b5b3]

Java frames: (J=compiled Java code, j=interpreted, Vv=VM code)
J 2023  org.lwjgl.opengl.GL11C.nglDrawElements(IIIJ)V (0 bytes) @ 0x000001f5bba445fe [0x000001f5bba445a0+0x000000000000005e]
J 2074 c2 com.entity.game.client.world.Mesh.render()V (24 bytes) @ 0x000001f5bba57190 [0x000001f5bba57140+0x0000000000000050]
J 2390 c2 com.entity.game.client.voxelhandling.ChunkRenderer.render(Lorg/joml/Vector4f;)V (497 bytes) @ 0x000001f5bbb03304 [0x000001f5bbb021c0+0x0000000000001144]
J 2392 c2 com.entity.game.client.renderEngine.MainRenderer.renderScene(Lorg/joml/Vector4f;ZZ)V (118 bytes) @ 0x000001f5bbb0b81c [0x000001f5bbb0aca0+0x0000000000000b7c]
J 2225 c1 com.entity.game.client.renderEngine.MainRenderer.updateFbos()V (213 bytes) @ 0x000001f5b4888a14 [0x000001f5b4888560+0x00000000000004b4]
J 2224 c1 com.entity.game.client.renderEngine.MainRenderer.update()V (5 bytes) @ 0x000001f5b4886744 [0x000001f5b48866c0+0x0000000000000084]
j  com.entity.game.client.Main.run()V+503
j  com.entity.game.client.Main.main([Ljava/lang/String;)V+7
v  ~StubRoutines::call_stub

siginfo: EXCEPTION_ACCESS_VIOLATION (0xc0000005), reading address 0x0000000000000000


Register to memory mapping:

RIP=0x00007ffe50a1b5b3 nvoglv64.dll
RAX=0x00000000fffe8020 is an unknown value
RBX=0x000001f6a18506f0 points into unknown readable memory: 0x0000000000000000 | 00 00 00 00 00 00 00 00
RCX=0x0 is NULL
RDX=0x0000000000000020 is an unknown value
RSP=0x0000002818cfed50 is pointing into the stack for thread: 0x000001f5a9b8d290
RBP=0x0000000000018000 is an unknown value
RSI=0x000001f5de620000 points into unknown readable memory: 0x000001f5db030da0 | a0 0d 03 db f5 01 00 00
RDI=0x0000000000000bff is an unknown value
R8 =0x0 is NULL
R9 =0x000001f5f45af880 points into unknown readable memory: 0x0000000000000000 | 00 00 00 00 00 00 00 00
R10=0x00000000003fffe0 is an unknown value
R11=0x000001f5db23b78c points into unknown readable memory: 40 00 40 3a
R12=0x00000000ffffffff is an unknown value
R13=0x000001f5db229770 points into unknown readable memory: 0x0000140400000009 | 09 00 00 00 04 14 00 00
R14=0x00000002bbc506f0 is an unknown value
R15=0x0 is NULL


Registers:
RAX=0x00000000fffe8020, RBX=0x000001f6a18506f0, RCX=0x0000000000000000, RDX=0x0000000000000020
RSP=0x0000002818cfed50, RBP=0x0000000000018000, RSI=0x000001f5de620000, RDI=0x0000000000000bff
R8 =0x0000000000000000, R9 =0x000001f5f45af880, R10=0x00000000003fffe0, R11=0x000001f5db23b78c
R12=0x00000000ffffffff, R13=0x000001f5db229770, R14=0x00000002bbc506f0, R15=0x0000000000000000
RIP=0x00007ffe50a1b5b3, EFLAGS=0x0000000000010203

Top of Stack: (sp=0x0000002818cfed50)
0x0000002818cfed50:   00000000ffffffff 00007ffe50a0dc27
0x0000002818cfed60:   0000000000000000 0000000000000000
0x0000002818cfed70:   000001f5de620000 0000000000000004
0x0000002818cfed80:   000001f5db229770 00000000ffffffff
0x0000002818cfed90:   0000000000000004 00007ffe50a155af
0x0000002818cfeda0:   00000002bbc506f0 000001f5f1088e10
0x0000002818cfedb0:   0000000000000000 0000000000000000
0x0000002818cfedc0:   0000000000000004 000001f5de678228
0x0000002818cfedd0:   000001f5db229770 00000000ffffffff
0x0000002818cfede0:   000001f5de620000 0000000000000000
0x0000002818cfedf0:   0000000000000002 00007ffe50a0cfde
0x0000002818cfee00:   0000000000030010 0000000000000000
0x0000002818cfee10:   0000002800000004 00007ffe00018000
0x0000002818cfee20:   0000000000000000 00007ffe00018000
0x0000002818cfee30:   0000000000000000 00007ffe509d9800
0x0000002818cfee40:   0000000000000000 000001f5db229770 

Instructions: (pc=0x00007ffe50a1b5b3)
0x00007ffe50a1b4b3:   42 18 48 03 c7 48 3b c8 72 06 33 c0 8b e8 eb 17
0x00007ffe50a1b4c3:   48 8d 14 29 48 3b d0 76 0e 48 2b c1 48 99 48 2b
0x00007ffe50a1b4d3:   c2 48 d1 f8 48 8b e8 44 8b bc 24 c8 00 00 00 44
0x00007ffe50a1b4e3:   2b fd 8d 41 0f 45 33 c0 83 e0 f0 2b c1 d1 f8 03
0x00007ffe50a1b4f3:   c3 f7 d8 83 e0 0f 48 03 d8 49 63 85 20 81 00 00
0x00007ffe50a1b503:   49 8b 94 c5 f8 80 00 00 48 8b 42 40 48 85 c0 75
0x00007ffe50a1b513:   05 41 8b c0 eb 11 48 8b 00 48 85 c0 75 05 49 8b
0x00007ffe50a1b523:   c0 eb 04 48 8b 40 20 48 8b 80 48 01 00 00 4c 8b
0x00007ffe50a1b533:   72 50 48 89 44 24 58 48 b8 ff ff ff ff ff ff ff
0x00007ffe50a1b543:   3f 4c 23 f0 4c 2b 72 48 8b d5 4c 03 f3 f6 05 31
0x00007ffe50a1b553:   8d 93 01 08 4c 89 74 24 50 0f 84 21 01 00 00 0f
0x00007ffe50a1b563:   29 74 24 60 f6 c1 0f 74 1d 0f 1f 40 00 85 d2 74
0x00007ffe50a1b573:   15 0f b7 01 ff ca 66 89 03 48 83 c1 04 48 83 c3
0x00007ffe50a1b583:   02 f6 c1 0f 75 e7 66 0f 6f 2d 1f 32 17 01 66 0f
0x00007ffe50a1b593:   6f 35 27 32 17 01 83 fa 20 0f 8e 9d 00 00 00 8d
0x00007ffe50a1b5a3:   42 df c1 e8 05 ff c0 8b f8 f7 d8 c1 e0 05 03 d0
0x00007ffe50a1b5b3:   f3 0f 6f 21 f3 0f 6f 41 10 66 0f fe e5 f3 0f 6f
0x00007ffe50a1b5c3:   59 20 66 0f fe c5 f3 0f 6f 51 40 66 0f fe dd f3
0x00007ffe50a1b5d3:   0f 6f 49 60 66 0f fe d5 66 0f 6b e0 66 0f fe cd
0x00007ffe50a1b5e3:   f3 0f 6f 41 30 66 0f fd e6 66 0f fe c5 66 0f 6b
0x00007ffe50a1b5f3:   d8 f3 0f 6f 41 50 66 0f fd de 66 0f fe c5 66 0f
0x00007ffe50a1b603:   6b d0 f3 0f 6f 41 70 66 0f fd d6 66 0f fe c5 f3
0x00007ffe50a1b613:   0f 7f 23 66 0f 6b c8 48 83 e9 80 66 0f fd ce f3
0x00007ffe50a1b623:   0f 7f 5b 10 f3 0f 7f 4b 30 f3 0f 7f 53 20 48 83
0x00007ffe50a1b633:   c3 40 48 83 ef 01 0f 85 74 ff ff ff 83 fa 08 7e
0x00007ffe50a1b643:   3a 8d 42 f7 c1 e8 03 ff c0 8b f8 f7 d8 8d 14 c2
0x00007ffe50a1b653:   f3 0f 6f 09 f3 0f 6f 41 10 66 0f fe cd 66 0f fe
0x00007ffe50a1b663:   c5 48 83 c1 20 66 0f 6b c8 66 0f fd ce f3 0f 7f
0x00007ffe50a1b673:   0b 48 83 c3 10 48 83 ef 01 75 d5 0f 28 74 24 60
0x00007ffe50a1b683:   85 d2 74 1c 66 0f 1f 84 00 00 00 00 00 0f b7 01
0x00007ffe50a1b693:   48 8d 49 04 66 89 03 48 83 c3 02 83 ea 01 75 ed
0x00007ffe50a1b6a3:   45 85 ff 74 0d 41 8b cf 48 8b fb 41 0f b7 c0 66 


Stack slot to memory mapping:
stack at sp + 0 slots: 0x00000000ffffffff is an unknown value
stack at sp + 1 slots: 0x00007ffe50a0dc27 nvoglv64.dll
stack at sp + 2 slots: 0x0 is NULL
stack at sp + 3 slots: 0x0 is NULL
stack at sp + 4 slots: 0x000001f5de620000 points into unknown readable memory: 0x000001f5db030da0 | a0 0d 03 db f5 01 00 00
stack at sp + 5 slots: 0x0000000000000004 is an unknown value
stack at sp + 6 slots: 0x000001f5db229770 points into unknown readable memory: 0x0000140400000009 | 09 00 00 00 04 14 00 00
stack at sp + 7 slots: 0x00000000ffffffff is an unknown value


---------------  P R O C E S S  ---------------

Threads class SMR info:
_java_thread_list=0x000001f5f84b51e0, length=16, elements={
0x000001f5a9b8d290, 0x000001f5d9d2fc00, 0x000001f5d9d30800, 0x000001f5d9d39e60,
0x000001f5d9d3a970, 0x000001f5d9d3d480, 0x000001f5d9d3de80, 0x000001f5da80d5a0,
0x000001f5da80def0, 0x000001f5da824c70, 0x000001f5d9d0d280, 0x000001f5dab296a0,
0x000001f5dab90000, 0x000001f5daa700b0, 0x000001f5e10acf00, 0x000001f5f45918f0
}

Java Threads: ( => current thread )
=>0x000001f5a9b8d290 JavaThread "main" [_thread_in_native, id=9224, stack(0x0000002818c00000,0x0000002818d00000)]
  0x000001f5d9d2fc00 JavaThread "Reference Handler" daemon [_thread_blocked, id=11168, stack(0x0000002819300000,0x0000002819400000)]
  0x000001f5d9d30800 JavaThread "Finalizer" daemon [_thread_blocked, id=11916, stack(0x0000002819400000,0x0000002819500000)]
  0x000001f5d9d39e60 JavaThread "Signal Dispatcher" daemon [_thread_blocked, id=7388, stack(0x0000002819500000,0x0000002819600000)]
  0x000001f5d9d3a970 JavaThread "Attach Listener" daemon [_thread_blocked, id=10044, stack(0x0000002819600000,0x0000002819700000)]
  0x000001f5d9d3d480 JavaThread "Service Thread" daemon [_thread_blocked, id=8612, stack(0x0000002819700000,0x0000002819800000)]
  0x000001f5d9d3de80 JavaThread "Monitor Deflation Thread" daemon [_thread_blocked, id=10168, stack(0x0000002819800000,0x0000002819900000)]
  0x000001f5da80d5a0 JavaThread "C2 CompilerThread0" daemon [_thread_blocked, id=7860, stack(0x0000002819900000,0x0000002819a00000)]
  0x000001f5da80def0 JavaThread "C1 CompilerThread0" daemon [_thread_blocked, id=5148, stack(0x0000002819a00000,0x0000002819b00000)]
  0x000001f5da824c70 JavaThread "Sweeper thread" daemon [_thread_blocked, id=10720, stack(0x0000002819b00000,0x0000002819c00000)]
  0x000001f5d9d0d280 JavaThread "Common-Cleaner" daemon [_thread_blocked, id=11220, stack(0x0000002819c00000,0x0000002819d00000)]
  0x000001f5dab296a0 JavaThread "Monitor Ctrl-Break" daemon [_thread_in_native, id=8196, stack(0x000000281a100000,0x000000281a200000)]
  0x000001f5dab90000 JavaThread "Notification Thread" daemon [_thread_blocked, id=12764, stack(0x000000281a200000,0x000000281a300000)]
  0x000001f5daa700b0 JavaThread "Timer-0" [_thread_blocked, id=1200, stack(0x0000002819f00000,0x000000281a000000)]
  0x000001f5e10acf00 JavaThread "Java2D Disposer" daemon [_thread_blocked, id=1628, stack(0x000000281b400000,0x000000281b500000)]
  0x000001f5f45918f0 JavaThread "Thread-2" [_thread_in_Java, id=8928, stack(0x000000281b500000,0x000000281b600000)]

Other Threads:
  0x000001f5d9d29100 VMThread "VM Thread" [stack: 0x0000002819200000,0x0000002819300000] [id=10280]
  0x000001f5dab90820 WatcherThread [stack: 0x000000281a300000,0x000000281a400000] [id=5332]
  0x000001f5a9c06110 GCTaskThread "GC Thread#0" [stack: 0x0000002818d00000,0x0000002818e00000] [id=972]
  0x000001f5db0f5ea0 GCTaskThread "GC Thread#1" [stack: 0x000000281a000000,0x000000281a100000] [id=11736]
  0x000001f5db0f6ae0 GCTaskThread "GC Thread#2" [stack: 0x000000281aa00000,0x000000281ab00000] [id=12212]
  0x000001f5db0f61b0 GCTaskThread "GC Thread#3" [stack: 0x000000281ab00000,0x000000281ac00000] [id=1124]
  0x000001f5e116c930 GCTaskThread "GC Thread#4" [stack: 0x000000281ac00000,0x000000281ad00000] [id=5108]
  0x000001f5e116e4c0 GCTaskThread "GC Thread#5" [stack: 0x000000281ad00000,0x000000281ae00000] [id=3296]
  0x000001f5e116e1b0 GCTaskThread "GC Thread#6" [stack: 0x000000281ae00000,0x000000281af00000] [id=7396]
  0x000001f5e116cc40 GCTaskThread "GC Thread#7" [stack: 0x000000281af00000,0x000000281b000000] [id=11976]
  0x000001f5e116c310 GCTaskThread "GC Thread#8" [stack: 0x000000281b000000,0x000000281b100000] [id=3168]
  0x000001f5e116cf50 GCTaskThread "GC Thread#9" [stack: 0x000000281b100000,0x000000281b200000] [id=2112]
  0x000001f5e116d570 GCTaskThread "GC Thread#10" [stack: 0x000000281b200000,0x000000281b300000] [id=13264]
  0x000001f5e116d260 GCTaskThread "GC Thread#11" [stack: 0x000000281b300000,0x000000281b400000] [id=7240]
  0x000001f5e116fa30 GCTaskThread "GC Thread#12" [stack: 0x000000281b700000,0x000000281b800000] [id=1344]
  0x000001f5a9c181e0 ConcurrentGCThread "G1 Main Marker" [stack: 0x0000002818e00000,0x0000002818f00000] [id=4372]
  0x000001f5a9c1a880 ConcurrentGCThread "G1 Conc#0" [stack: 0x0000002818f00000,0x0000002819000000] [id=10244]
  0x000001f5a9c6d550 ConcurrentGCThread "G1 Refine#0" [stack: 0x0000002819000000,0x0000002819100000] [id=9916]
  0x000001f5d9bdc130 ConcurrentGCThread "G1 Service" [stack: 0x0000002819100000,0x0000002819200000] [id=10880]

Threads with active compile tasks:

VM state: not at safepoint (normal execution)

VM Mutex/Monitor currently owned by a thread: None

Heap address: 0x0000000601000000, size: 8176 MB, Compressed Oops mode: Zero based, Oop shift amount: 3

CDS archive(s) mapped at: [0x0000000800000000-0x0000000800bf0000-0x0000000800bf0000), size 12517376, SharedBaseAddress: 0x0000000800000000, ArchiveRelocationMode: 0.
Compressed class space mapped at: 0x0000000800c00000-0x0000000840c00000, reserved size: 1073741824
Narrow klass base: 0x0000000800000000, Narrow klass shift: 3, Narrow klass range: 0x100000000

GC Precious Log:
 CPUs: 16 total, 16 available
 Memory: 32696M
 Large Page Support: Disabled
 NUMA Support: Disabled
 Compressed Oops: Enabled (Zero based)
 Heap Region Size: 4M
 Heap Min Capacity: 8M
 Heap Initial Capacity: 512M
 Heap Max Capacity: 8176M
 Pre-touch: Disabled
 Parallel Workers: 13
 Concurrent Workers: 3
 Concurrent Refinement Workers: 13
 Periodic GC: Disabled

Heap:
 garbage-first heap   total 757760K, used 403737K [0x0000000601000000, 0x0000000800000000)
  region size 4096K, 73 young (299008K), 2 survivors (8192K)
 Metaspace       used 11753K, committed 12032K, reserved 1064960K
  class space    used 683K, committed 832K, reserved 1048576K

Heap Regions: E=young(eden), S=young(survivor), O=old, HS=humongous(starts), HC=humongous(continues), CS=collection set, F=free, OA=open archive, CA=closed archive, TAMS=top-at-mark-start (previous, next)
|   0|0x0000000601000000, 0x0000000601400000, 0x0000000601400000|100%| O|  |TAMS 0x0000000601000000, 0x0000000601000000| Untracked 
|   1|0x0000000601400000, 0x0000000601800000, 0x0000000601800000|100%| O|  |TAMS 0x0000000601400000, 0x0000000601400000| Untracked 
|   2|0x0000000601800000, 0x0000000601c00000, 0x0000000601c00000|100%| O|  |TAMS 0x0000000601800000, 0x0000000601800000| Untracked 
|   3|0x0000000601c00000, 0x0000000602000000, 0x0000000602000000|100%| O|  |TAMS 0x0000000601c00000, 0x0000000601c00000| Untracked 
|   4|0x0000000602000000, 0x0000000602400000, 0x0000000602400000|100%| O|  |TAMS 0x0000000602000000, 0x0000000602000000| Untracked 
|   5|0x0000000602400000, 0x0000000602800000, 0x0000000602800000|100%| O|  |TAMS 0x0000000602400000, 0x0000000602400000| Untracked 
|   6|0x0000000602800000, 0x0000000602c00000, 0x0000000602c00000|100%| O|  |TAMS 0x0000000602800000, 0x0000000602800000| Untracked 
|   7|0x0000000602c00000, 0x0000000603000000, 0x0000000603000000|100%| O|  |TAMS 0x0000000602c00000, 0x0000000602c00000| Untracked 
|   8|0x0000000603000000, 0x0000000603400000, 0x0000000603400000|100%| O|  |TAMS 0x0000000603000000, 0x0000000603000000| Untracked 
|   9|0x0000000603400000, 0x0000000603800000, 0x0000000603800000|100%| O|  |TAMS 0x0000000603400000, 0x0000000603400000| Untracked 
|  10|0x0000000603800000, 0x0000000603c00000, 0x0000000603c00000|100%| O|  |TAMS 0x0000000603800000, 0x0000000603800000| Untracked 
|  11|0x0000000603c00000, 0x0000000604000000, 0x0000000604000000|100%| O|  |TAMS 0x0000000603c00000, 0x0000000603c00000| Untracked 
|  12|0x0000000604000000, 0x0000000604400000, 0x0000000604400000|100%| O|  |TAMS 0x0000000604000000, 0x0000000604000000| Untracked 
|  13|0x0000000604400000, 0x0000000604800000, 0x0000000604800000|100%| O|  |TAMS 0x0000000604400000, 0x0000000604400000| Untracked 
|  14|0x0000000604800000, 0x0000000604c00000, 0x0000000604c00000|100%| O|  |TAMS 0x0000000604800000, 0x0000000604800000| Untracked 
|  15|0x0000000604c00000, 0x0000000605000000, 0x0000000605000000|100%| O|  |TAMS 0x0000000604c00000, 0x0000000604c00000| Untracked 
|  16|0x0000000605000000, 0x0000000605400000, 0x0000000605400000|100%| O|  |TAMS 0x0000000605000000, 0x0000000605000000| Untracked 
|  17|0x0000000605400000, 0x0000000605800000, 0x0000000605800000|100%| O|  |TAMS 0x0000000605400000, 0x0000000605400000| Untracked 
|  18|0x0000000605800000, 0x0000000605c00000, 0x0000000605c00000|100%| O|  |TAMS 0x0000000605800000, 0x0000000605800000| Untracked 
|  19|0x0000000605c00000, 0x0000000606000000, 0x0000000606000000|100%| O|  |TAMS 0x0000000605c00000, 0x0000000605c00000| Untracked 
|  20|0x0000000606000000, 0x0000000606400000, 0x0000000606400000|100%| O|  |TAMS 0x0000000606000000, 0x0000000606000000| Untracked 
|  21|0x0000000606400000, 0x0000000606800000, 0x0000000606800000|100%| O|  |TAMS 0x0000000606400000, 0x0000000606400000| Untracked 
|  22|0x0000000606800000, 0x0000000606c00000, 0x0000000606c00000|100%| O|  |TAMS 0x0000000606800000, 0x0000000606800000| Untracked 
|  23|0x0000000606c00000, 0x0000000607000000, 0x0000000607000000|100%| O|  |TAMS 0x0000000606c00000, 0x0000000606c00000| Untracked 
|  24|0x0000000607000000, 0x0000000607400000, 0x0000000607400000|100%| O|  |TAMS 0x0000000607000000, 0x0000000607000000| Untracked 
|  25|0x0000000607400000, 0x0000000607800000, 0x0000000607800000|100%| O|  |TAMS 0x0000000607400000, 0x0000000607400000| Untracked 
|  26|0x0000000607800000, 0x0000000607c00000, 0x0000000607c00000|100%| O|  |TAMS 0x0000000607800000, 0x0000000607800000| Untracked 
|  27|0x0000000607c00000, 0x0000000607d88200, 0x0000000608000000| 38%| O|  |TAMS 0x0000000607c00000, 0x0000000607c00000| Untracked 
|  28|0x0000000608000000, 0x0000000608000000, 0x0000000608400000|  0%| F|  |TAMS 0x0000000608000000, 0x0000000608000000| Untracked 
|  29|0x0000000608400000, 0x0000000608400000, 0x0000000608800000|  0%| F|  |TAMS 0x0000000608400000, 0x0000000608400000| Untracked 
|  30|0x0000000608800000, 0x0000000608800000, 0x0000000608c00000|  0%| F|  |TAMS 0x0000000608800000, 0x0000000608800000| Untracked 
|  31|0x0000000608c00000, 0x0000000608c00000, 0x0000000609000000|  0%| F|  |TAMS 0x0000000608c00000, 0x0000000608c00000| Untracked 
|  32|0x0000000609000000, 0x0000000609000000, 0x0000000609400000|  0%| F|  |TAMS 0x0000000609000000, 0x0000000609000000| Untracked 
|  33|0x0000000609400000, 0x0000000609400000, 0x0000000609800000|  0%| F|  |TAMS 0x0000000609400000, 0x0000000609400000| Untracked 
|  34|0x0000000609800000, 0x0000000609800000, 0x0000000609c00000|  0%| F|  |TAMS 0x0000000609800000, 0x0000000609800000| Untracked 
|  35|0x0000000609c00000, 0x0000000609c00000, 0x000000060a000000|  0%| F|  |TAMS 0x0000000609c00000, 0x0000000609c00000| Untracked 
|  36|0x000000060a000000, 0x000000060a000000, 0x000000060a400000|  0%| F|  |TAMS 0x000000060a000000, 0x000000060a000000| Untracked 
|  37|0x000000060a400000, 0x000000060a400000, 0x000000060a800000|  0%| F|  |TAMS 0x000000060a400000, 0x000000060a400000| Untracked 
|  38|0x000000060a800000, 0x000000060a800000, 0x000000060ac00000|  0%| F|  |TAMS 0x000000060a800000, 0x000000060a800000| Untracked 
|  39|0x000000060ac00000, 0x000000060ac00000, 0x000000060b000000|  0%| F|  |TAMS 0x000000060ac00000, 0x000000060ac00000| Untracked 
|  40|0x000000060b000000, 0x000000060b000000, 0x000000060b400000|  0%| F|  |TAMS 0x000000060b000000, 0x000000060b000000| Untracked 
|  41|0x000000060b400000, 0x000000060b400000, 0x000000060b800000|  0%| F|  |TAMS 0x000000060b400000, 0x000000060b400000| Untracked 
|  42|0x000000060b800000, 0x000000060b800000, 0x000000060bc00000|  0%| F|  |TAMS 0x000000060b800000, 0x000000060b800000| Untracked 
|  43|0x000000060bc00000, 0x000000060bc00000, 0x000000060c000000|  0%| F|  |TAMS 0x000000060bc00000, 0x000000060bc00000| Untracked 
|  44|0x000000060c000000, 0x000000060c000000, 0x000000060c400000|  0%| F|  |TAMS 0x000000060c000000, 0x000000060c000000| Untracked 
|  45|0x000000060c400000, 0x000000060c400000, 0x000000060c800000|  0%| F|  |TAMS 0x000000060c400000, 0x000000060c400000| Untracked 
|  46|0x000000060c800000, 0x000000060c800000, 0x000000060cc00000|  0%| F|  |TAMS 0x000000060c800000, 0x000000060c800000| Untracked 
|  47|0x000000060cc00000, 0x000000060cc00000, 0x000000060d000000|  0%| F|  |TAMS 0x000000060cc00000, 0x000000060cc00000| Untracked 
|  48|0x000000060d000000, 0x000000060d000000, 0x000000060d400000|  0%| F|  |TAMS 0x000000060d000000, 0x000000060d000000| Untracked 
|  49|0x000000060d400000, 0x000000060d400000, 0x000000060d800000|  0%| F|  |TAMS 0x000000060d400000, 0x000000060d400000| Untracked 
|  50|0x000000060d800000, 0x000000060d800000, 0x000000060dc00000|  0%| F|  |TAMS 0x000000060d800000, 0x000000060d800000| Untracked 
|  51|0x000000060dc00000, 0x000000060dc00000, 0x000000060e000000|  0%| F|  |TAMS 0x000000060dc00000, 0x000000060dc00000| Untracked 
|  52|0x000000060e000000, 0x000000060e000000, 0x000000060e400000|  0%| F|  |TAMS 0x000000060e000000, 0x000000060e000000| Untracked 
|  53|0x000000060e400000, 0x000000060e400000, 0x000000060e800000|  0%| F|  |TAMS 0x000000060e400000, 0x000000060e400000| Untracked 
|  54|0x000000060e800000, 0x000000060e800000, 0x000000060ec00000|  0%| F|  |TAMS 0x000000060e800000, 0x000000060e800000| Untracked 
|  55|0x000000060ec00000, 0x000000060ec00000, 0x000000060f000000|  0%| F|  |TAMS 0x000000060ec00000, 0x000000060ec00000| Untracked 
|  56|0x000000060f000000, 0x000000060f000000, 0x000000060f400000|  0%| F|  |TAMS 0x000000060f000000, 0x000000060f000000| Untracked 
|  57|0x000000060f400000, 0x000000060f400000, 0x000000060f800000|  0%| F|  |TAMS 0x000000060f400000, 0x000000060f400000| Untracked 
|  58|0x000000060f800000, 0x000000060f800000, 0x000000060fc00000|  0%| F|  |TAMS 0x000000060f800000, 0x000000060f800000| Untracked 
|  59|0x000000060fc00000, 0x000000060fc00000, 0x0000000610000000|  0%| F|  |TAMS 0x000000060fc00000, 0x000000060fc00000| Untracked 
|  60|0x0000000610000000, 0x0000000610000000, 0x0000000610400000|  0%| F|  |TAMS 0x0000000610000000, 0x0000000610000000| Untracked 
|  61|0x0000000610400000, 0x0000000610400000, 0x0000000610800000|  0%| F|  |TAMS 0x0000000610400000, 0x0000000610400000| Untracked 
|  62|0x0000000610800000, 0x0000000610800000, 0x0000000610c00000|  0%| F|  |TAMS 0x0000000610800000, 0x0000000610800000| Untracked 
|  63|0x0000000610c00000, 0x0000000610c00000, 0x0000000611000000|  0%| F|  |TAMS 0x0000000610c00000, 0x0000000610c00000| Untracked 
|  64|0x0000000611000000, 0x0000000611000000, 0x0000000611400000|  0%| F|  |TAMS 0x0000000611000000, 0x0000000611000000| Untracked 
|  65|0x0000000611400000, 0x0000000611400000, 0x0000000611800000|  0%| F|  |TAMS 0x0000000611400000, 0x0000000611400000| Untracked 
|  66|0x0000000611800000, 0x0000000611800000, 0x0000000611c00000|  0%| F|  |TAMS 0x0000000611800000, 0x0000000611800000| Untracked 
|  67|0x0000000611c00000, 0x0000000611c00000, 0x0000000612000000|  0%| F|  |TAMS 0x0000000611c00000, 0x0000000611c00000| Untracked 
|  68|0x0000000612000000, 0x0000000612000000, 0x0000000612400000|  0%| F|  |TAMS 0x0000000612000000, 0x0000000612000000| Untracked 
|  69|0x0000000612400000, 0x0000000612400000, 0x0000000612800000|  0%| F|  |TAMS 0x0000000612400000, 0x0000000612400000| Untracked 
|  70|0x0000000612800000, 0x0000000612800000, 0x0000000612c00000|  0%| F|  |TAMS 0x0000000612800000, 0x0000000612800000| Untracked 
|  71|0x0000000612c00000, 0x0000000612c00000, 0x0000000613000000|  0%| F|  |TAMS 0x0000000612c00000, 0x0000000612c00000| Untracked 
|  72|0x0000000613000000, 0x00000006130be230, 0x0000000613400000| 18%| S|CS|TAMS 0x0000000613000000, 0x0000000613000000| Complete 
|  73|0x0000000613400000, 0x0000000613400000, 0x0000000613800000|  0%| F|  |TAMS 0x0000000613400000, 0x0000000613400000| Untracked 
|  74|0x0000000613800000, 0x0000000613c00000, 0x0000000613c00000|100%| S|CS|TAMS 0x0000000613800000, 0x0000000613800000| Complete 
|  75|0x0000000613c00000, 0x0000000613c00000, 0x0000000614000000|  0%| F|  |TAMS 0x0000000613c00000, 0x0000000613c00000| Untracked 
|  76|0x0000000614000000, 0x0000000614000000, 0x0000000614400000|  0%| F|  |TAMS 0x0000000614000000, 0x0000000614000000| Untracked 
|  77|0x0000000614400000, 0x0000000614400000, 0x0000000614800000|  0%| F|  |TAMS 0x0000000614400000, 0x0000000614400000| Untracked 
|  78|0x0000000614800000, 0x0000000614800000, 0x0000000614c00000|  0%| F|  |TAMS 0x0000000614800000, 0x0000000614800000| Untracked 
|  79|0x0000000614c00000, 0x0000000614c00000, 0x0000000615000000|  0%| F|  |TAMS 0x0000000614c00000, 0x0000000614c00000| Untracked 
|  80|0x0000000615000000, 0x0000000615000000, 0x0000000615400000|  0%| F|  |TAMS 0x0000000615000000, 0x0000000615000000| Untracked 
|  81|0x0000000615400000, 0x0000000615400000, 0x0000000615800000|  0%| F|  |TAMS 0x0000000615400000, 0x0000000615400000| Untracked 
|  82|0x0000000615800000, 0x0000000615800000, 0x0000000615c00000|  0%| F|  |TAMS 0x0000000615800000, 0x0000000615800000| Untracked 
|  83|0x0000000615c00000, 0x0000000615c00000, 0x0000000616000000|  0%| F|  |TAMS 0x0000000615c00000, 0x0000000615c00000| Untracked 
|  84|0x0000000616000000, 0x0000000616000000, 0x0000000616400000|  0%| F|  |TAMS 0x0000000616000000, 0x0000000616000000| Untracked 
|  85|0x0000000616400000, 0x0000000616400000, 0x0000000616800000|  0%| F|  |TAMS 0x0000000616400000, 0x0000000616400000| Untracked 
|  86|0x0000000616800000, 0x0000000616800000, 0x0000000616c00000|  0%| F|  |TAMS 0x0000000616800000, 0x0000000616800000| Untracked 
|  87|0x0000000616c00000, 0x0000000616c00000, 0x0000000617000000|  0%| F|  |TAMS 0x0000000616c00000, 0x0000000616c00000| Untracked 
|  88|0x0000000617000000, 0x0000000617000000, 0x0000000617400000|  0%| F|  |TAMS 0x0000000617000000, 0x0000000617000000| Untracked 
|  89|0x0000000617400000, 0x0000000617400000, 0x0000000617800000|  0%| F|  |TAMS 0x0000000617400000, 0x0000000617400000| Untracked 
|  90|0x0000000617800000, 0x0000000617800000, 0x0000000617c00000|  0%| F|  |TAMS 0x0000000617800000, 0x0000000617800000| Untracked 
|  91|0x0000000617c00000, 0x0000000617c00000, 0x0000000618000000|  0%| F|  |TAMS 0x0000000617c00000, 0x0000000617c00000| Untracked 
|  92|0x0000000618000000, 0x0000000618000000, 0x0000000618400000|  0%| F|  |TAMS 0x0000000618000000, 0x0000000618000000| Untracked 
|  93|0x0000000618400000, 0x0000000618400000, 0x0000000618800000|  0%| F|  |TAMS 0x0000000618400000, 0x0000000618400000| Untracked 
|  94|0x0000000618800000, 0x0000000618800000, 0x0000000618c00000|  0%| F|  |TAMS 0x0000000618800000, 0x0000000618800000| Untracked 
|  95|0x0000000618c00000, 0x0000000618c00000, 0x0000000619000000|  0%| F|  |TAMS 0x0000000618c00000, 0x0000000618c00000| Untracked 
|  96|0x0000000619000000, 0x0000000619000000, 0x0000000619400000|  0%| F|  |TAMS 0x0000000619000000, 0x0000000619000000| Untracked 
|  97|0x0000000619400000, 0x0000000619400000, 0x0000000619800000|  0%| F|  |TAMS 0x0000000619400000, 0x0000000619400000| Untracked 
|  98|0x0000000619800000, 0x0000000619800000, 0x0000000619c00000|  0%| F|  |TAMS 0x0000000619800000, 0x0000000619800000| Untracked 
|  99|0x0000000619c00000, 0x0000000619c00000, 0x000000061a000000|  0%| F|  |TAMS 0x0000000619c00000, 0x0000000619c00000| Untracked 
| 100|0x000000061a000000, 0x000000061a000000, 0x000000061a400000|  0%| F|  |TAMS 0x000000061a000000, 0x000000061a000000| Untracked 
| 101|0x000000061a400000, 0x000000061a400000, 0x000000061a800000|  0%| F|  |TAMS 0x000000061a400000, 0x000000061a400000| Untracked 
| 102|0x000000061a800000, 0x000000061a800000, 0x000000061ac00000|  0%| F|  |TAMS 0x000000061a800000, 0x000000061a800000| Untracked 
| 103|0x000000061ac00000, 0x000000061ac00000, 0x000000061b000000|  0%| F|  |TAMS 0x000000061ac00000, 0x000000061ac00000| Untracked 
| 104|0x000000061b000000, 0x000000061b000000, 0x000000061b400000|  0%| F|  |TAMS 0x000000061b000000, 0x000000061b000000| Untracked 
| 105|0x000000061b400000, 0x000000061b400000, 0x000000061b800000|  0%| F|  |TAMS 0x000000061b400000, 0x000000061b400000| Untracked 
| 106|0x000000061b800000, 0x000000061b800000, 0x000000061bc00000|  0%| F|  |TAMS 0x000000061b800000, 0x000000061b800000| Untracked 
| 107|0x000000061bc00000, 0x000000061bc00000, 0x000000061c000000|  0%| F|  |TAMS 0x000000061bc00000, 0x000000061bc00000| Untracked 
| 108|0x000000061c000000, 0x000000061c000000, 0x000000061c400000|  0%| F|  |TAMS 0x000000061c000000, 0x000000061c000000| Untracked 
| 109|0x000000061c400000, 0x000000061c400000, 0x000000061c800000|  0%| F|  |TAMS 0x000000061c400000, 0x000000061c400000| Untracked 
| 110|0x000000061c800000, 0x000000061c800000, 0x000000061cc00000|  0%| F|  |TAMS 0x000000061c800000, 0x000000061c800000| Untracked 
| 111|0x000000061cc00000, 0x000000061cc00000, 0x000000061d000000|  0%| F|  |TAMS 0x000000061cc00000, 0x000000061cc00000| Untracked 
| 112|0x000000061d000000, 0x000000061d000000, 0x000000061d400000|  0%| F|  |TAMS 0x000000061d000000, 0x000000061d000000| Untracked 
| 113|0x000000061d400000, 0x000000061d800000, 0x000000061d800000|100%| E|  |TAMS 0x000000061d400000, 0x000000061d400000| Complete 
| 114|0x000000061d800000, 0x000000061dc00000, 0x000000061dc00000|100%| E|CS|TAMS 0x000000061d800000, 0x000000061d800000| Complete 
| 115|0x000000061dc00000, 0x000000061e000000, 0x000000061e000000|100%| E|CS|TAMS 0x000000061dc00000, 0x000000061dc00000| Complete 
| 116|0x000000061e000000, 0x000000061e400000, 0x000000061e400000|100%| E|CS|TAMS 0x000000061e000000, 0x000000061e000000| Complete 
| 117|0x000000061e400000, 0x000000061e800000, 0x000000061e800000|100%| E|CS|TAMS 0x000000061e400000, 0x000000061e400000| Complete 
| 118|0x000000061e800000, 0x000000061ec00000, 0x000000061ec00000|100%| E|CS|TAMS 0x000000061e800000, 0x000000061e800000| Complete 
| 119|0x000000061ec00000, 0x000000061f000000, 0x000000061f000000|100%| E|CS|TAMS 0x000000061ec00000, 0x000000061ec00000| Complete 
| 120|0x000000061f000000, 0x000000061f400000, 0x000000061f400000|100%| E|CS|TAMS 0x000000061f000000, 0x000000061f000000| Complete 
| 121|0x000000061f400000, 0x000000061f800000, 0x000000061f800000|100%| E|CS|TAMS 0x000000061f400000, 0x000000061f400000| Complete 
| 122|0x000000061f800000, 0x000000061fc00000, 0x000000061fc00000|100%| E|CS|TAMS 0x000000061f800000, 0x000000061f800000| Complete 
| 123|0x000000061fc00000, 0x0000000620000000, 0x0000000620000000|100%| E|CS|TAMS 0x000000061fc00000, 0x000000061fc00000| Complete 
| 124|0x0000000620000000, 0x0000000620400000, 0x0000000620400000|100%| E|CS|TAMS 0x0000000620000000, 0x0000000620000000| Complete 
| 125|0x0000000620400000, 0x0000000620800000, 0x0000000620800000|100%| E|CS|TAMS 0x0000000620400000, 0x0000000620400000| Complete 
| 126|0x0000000620800000, 0x0000000620c00000, 0x0000000620c00000|100%| E|CS|TAMS 0x0000000620800000, 0x0000000620800000| Complete 
| 127|0x0000000620c00000, 0x0000000621000000, 0x0000000621000000|100%| E|CS|TAMS 0x0000000620c00000, 0x0000000620c00000| Complete 
| 128|0x0000000621000000, 0x0000000621400000, 0x0000000621400000|100%| E|CS|TAMS 0x0000000621000000, 0x0000000621000000| Complete 
| 129|0x0000000621400000, 0x0000000621800000, 0x0000000621800000|100%| E|CS|TAMS 0x0000000621400000, 0x0000000621400000| Complete 
| 130|0x0000000621800000, 0x0000000621c00000, 0x0000000621c00000|100%| E|CS|TAMS 0x0000000621800000, 0x0000000621800000| Complete 
| 131|0x0000000621c00000, 0x0000000622000000, 0x0000000622000000|100%| E|CS|TAMS 0x0000000621c00000, 0x0000000621c00000| Complete 
| 132|0x0000000622000000, 0x0000000622400000, 0x0000000622400000|100%| E|CS|TAMS 0x0000000622000000, 0x0000000622000000| Complete 
| 133|0x0000000622400000, 0x0000000622800000, 0x0000000622800000|100%| E|CS|TAMS 0x0000000622400000, 0x0000000622400000| Complete 
| 134|0x0000000622800000, 0x0000000622c00000, 0x0000000622c00000|100%| E|CS|TAMS 0x0000000622800000, 0x0000000622800000| Complete 
| 135|0x0000000622c00000, 0x0000000623000000, 0x0000000623000000|100%| E|CS|TAMS 0x0000000622c00000, 0x0000000622c00000| Complete 
| 136|0x0000000623000000, 0x0000000623400000, 0x0000000623400000|100%| E|CS|TAMS 0x0000000623000000, 0x0000000623000000| Complete 
| 137|0x0000000623400000, 0x0000000623800000, 0x0000000623800000|100%| E|CS|TAMS 0x0000000623400000, 0x0000000623400000| Complete 
| 138|0x0000000623800000, 0x0000000623c00000, 0x0000000623c00000|100%| E|CS|TAMS 0x0000000623800000, 0x0000000623800000| Complete 
| 139|0x0000000623c00000, 0x0000000624000000, 0x0000000624000000|100%| E|CS|TAMS 0x0000000623c00000, 0x0000000623c00000| Complete 
| 140|0x0000000624000000, 0x0000000624400000, 0x0000000624400000|100%| E|CS|TAMS 0x0000000624000000, 0x0000000624000000| Complete 
| 141|0x0000000624400000, 0x0000000624800000, 0x0000000624800000|100%| E|CS|TAMS 0x0000000624400000, 0x0000000624400000| Complete 
| 142|0x0000000624800000, 0x0000000624c00000, 0x0000000624c00000|100%| E|CS|TAMS 0x0000000624800000, 0x0000000624800000| Complete 
| 143|0x0000000624c00000, 0x0000000625000000, 0x0000000625000000|100%| E|CS|TAMS 0x0000000624c00000, 0x0000000624c00000| Complete 
| 144|0x0000000625000000, 0x0000000625400000, 0x0000000625400000|100%| E|CS|TAMS 0x0000000625000000, 0x0000000625000000| Complete 
| 145|0x0000000625400000, 0x0000000625800000, 0x0000000625800000|100%| E|CS|TAMS 0x0000000625400000, 0x0000000625400000| Complete 
| 146|0x0000000625800000, 0x0000000625c00000, 0x0000000625c00000|100%| E|CS|TAMS 0x0000000625800000, 0x0000000625800000| Complete 
| 147|0x0000000625c00000, 0x0000000626000000, 0x0000000626000000|100%| E|CS|TAMS 0x0000000625c00000, 0x0000000625c00000| Complete 
| 148|0x0000000626000000, 0x0000000626400000, 0x0000000626400000|100%| E|CS|TAMS 0x0000000626000000, 0x0000000626000000| Complete 
| 149|0x0000000626400000, 0x0000000626800000, 0x0000000626800000|100%| E|CS|TAMS 0x0000000626400000, 0x0000000626400000| Complete 
| 150|0x0000000626800000, 0x0000000626c00000, 0x0000000626c00000|100%| E|CS|TAMS 0x0000000626800000, 0x0000000626800000| Complete 
| 151|0x0000000626c00000, 0x0000000627000000, 0x0000000627000000|100%| E|CS|TAMS 0x0000000626c00000, 0x0000000626c00000| Complete 
| 152|0x0000000627000000, 0x0000000627400000, 0x0000000627400000|100%| E|CS|TAMS 0x0000000627000000, 0x0000000627000000| Complete 
| 153|0x0000000627400000, 0x0000000627800000, 0x0000000627800000|100%| E|CS|TAMS 0x0000000627400000, 0x0000000627400000| Complete 
| 154|0x0000000627800000, 0x0000000627c00000, 0x0000000627c00000|100%| E|CS|TAMS 0x0000000627800000, 0x0000000627800000| Complete 
| 155|0x0000000627c00000, 0x0000000628000000, 0x0000000628000000|100%| E|CS|TAMS 0x0000000627c00000, 0x0000000627c00000| Complete 
| 156|0x0000000628000000, 0x0000000628400000, 0x0000000628400000|100%| E|CS|TAMS 0x0000000628000000, 0x0000000628000000| Complete 
| 157|0x0000000628400000, 0x0000000628800000, 0x0000000628800000|100%| E|CS|TAMS 0x0000000628400000, 0x0000000628400000| Complete 
| 158|0x0000000628800000, 0x0000000628c00000, 0x0000000628c00000|100%| E|CS|TAMS 0x0000000628800000, 0x0000000628800000| Complete 
| 159|0x0000000628c00000, 0x0000000629000000, 0x0000000629000000|100%| E|CS|TAMS 0x0000000628c00000, 0x0000000628c00000| Complete 
| 160|0x0000000629000000, 0x0000000629400000, 0x0000000629400000|100%| E|CS|TAMS 0x0000000629000000, 0x0000000629000000| Complete 
| 161|0x0000000629400000, 0x0000000629800000, 0x0000000629800000|100%| E|CS|TAMS 0x0000000629400000, 0x0000000629400000| Complete 
| 162|0x0000000629800000, 0x0000000629c00000, 0x0000000629c00000|100%| E|CS|TAMS 0x0000000629800000, 0x0000000629800000| Complete 
| 163|0x0000000629c00000, 0x000000062a000000, 0x000000062a000000|100%| E|CS|TAMS 0x0000000629c00000, 0x0000000629c00000| Complete 
| 164|0x000000062a000000, 0x000000062a400000, 0x000000062a400000|100%| E|CS|TAMS 0x000000062a000000, 0x000000062a000000| Complete 
| 165|0x000000062a400000, 0x000000062a800000, 0x000000062a800000|100%| E|CS|TAMS 0x000000062a400000, 0x000000062a400000| Complete 
| 166|0x000000062a800000, 0x000000062ac00000, 0x000000062ac00000|100%| E|CS|TAMS 0x000000062a800000, 0x000000062a800000| Complete 
| 167|0x000000062ac00000, 0x000000062b000000, 0x000000062b000000|100%| E|CS|TAMS 0x000000062ac00000, 0x000000062ac00000| Complete 
| 168|0x000000062b000000, 0x000000062b400000, 0x000000062b400000|100%| E|CS|TAMS 0x000000062b000000, 0x000000062b000000| Complete 
| 169|0x000000062b400000, 0x000000062b800000, 0x000000062b800000|100%| E|CS|TAMS 0x000000062b400000, 0x000000062b400000| Complete 
| 170|0x000000062b800000, 0x000000062bc00000, 0x000000062bc00000|100%| E|CS|TAMS 0x000000062b800000, 0x000000062b800000| Complete 
| 171|0x000000062bc00000, 0x000000062c000000, 0x000000062c000000|100%| E|CS|TAMS 0x000000062bc00000, 0x000000062bc00000| Complete 
| 172|0x000000062c000000, 0x000000062c400000, 0x000000062c400000|100%| E|CS|TAMS 0x000000062c000000, 0x000000062c000000| Complete 
| 173|0x000000062c400000, 0x000000062c800000, 0x000000062c800000|100%| E|CS|TAMS 0x000000062c400000, 0x000000062c400000| Complete 
| 174|0x000000062c800000, 0x000000062cc00000, 0x000000062cc00000|100%| E|CS|TAMS 0x000000062c800000, 0x000000062c800000| Complete 
| 175|0x000000062cc00000, 0x000000062d000000, 0x000000062d000000|100%| E|CS|TAMS 0x000000062cc00000, 0x000000062cc00000| Complete 
| 176|0x000000062d000000, 0x000000062d400000, 0x000000062d400000|100%| E|CS|TAMS 0x000000062d000000, 0x000000062d000000| Complete 
| 177|0x000000062d400000, 0x000000062d800000, 0x000000062d800000|100%| E|CS|TAMS 0x000000062d400000, 0x000000062d400000| Complete 
| 178|0x000000062d800000, 0x000000062dc00000, 0x000000062dc00000|100%| E|CS|TAMS 0x000000062d800000, 0x000000062d800000| Complete 
| 179|0x000000062dc00000, 0x000000062e000000, 0x000000062e000000|100%| E|CS|TAMS 0x000000062dc00000, 0x000000062dc00000| Complete 
| 180|0x000000062e000000, 0x000000062e400000, 0x000000062e400000|100%| E|CS|TAMS 0x000000062e000000, 0x000000062e000000| Complete 
| 181|0x000000062e400000, 0x000000062e800000, 0x000000062e800000|100%| E|CS|TAMS 0x000000062e400000, 0x000000062e400000| Complete 
| 182|0x000000062e800000, 0x000000062ec00000, 0x000000062ec00000|100%| E|CS|TAMS 0x000000062e800000, 0x000000062e800000| Complete 
| 183|0x000000062ec00000, 0x000000062f000000, 0x000000062f000000|100%| E|CS|TAMS 0x000000062ec00000, 0x000000062ec00000| Complete 
| 184|0x000000062f000000, 0x000000062f400000, 0x000000062f400000|100%| E|CS|TAMS 0x000000062f000000, 0x000000062f000000| Complete 

Card table byte_map: [0x000001f5c4d10000,0x000001f5c5d10000] _byte_map_base: 0x000001f5c1d08000

Marking Bits (Prev, Next): (CMBitMap*) 0x000001f5a9c06800, (CMBitMap*) 0x000001f5a9c06840
 Prev Bits: [0x000001f5c6d10000, 0x000001f5cecd0000)
 Next Bits: [0x000001f5cecd0000, 0x000001f5d6c90000)

Polling page: 0x000001f5a99f0000

Metaspace:

Usage:
  Non-class:     10.81 MB used.
      Class:    683.62 KB used.
       Both:     11.48 MB used.

Virtual space:
  Non-class space:       16.00 MB reserved,      10.94 MB ( 68%) committed,  2 nodes.
      Class space:        1.00 GB reserved,     832.00 KB ( <1%) committed,  1 nodes.
              Both:        1.02 GB reserved,      11.75 MB (  1%) committed. 

Chunk freelists:
   Non-Class:  240.00 KB
       Class:  3.10 MB
        Both:  3.34 MB

MaxMetaspaceSize: 17179869184.00 GB
CompressedClassSpaceSize: 1.00 GB
 - commit_granule_bytes: 65536.
 - commit_granule_words: 8192.
 - virtual_space_node_default_size: 1048576.
 - enlarge_chunks_in_place: 1.
 - new_chunks_are_fully_committed: 0.
 - uncommit_free_chunks: 1.
 - use_allocation_guard: 0.
 - handle_deallocations: 1.


Internal statistics:

num_allocs_failed_limit: 0.
num_arena_births: 148.
num_arena_deaths: 0.
num_vsnodes_births: 3.
num_vsnodes_deaths: 0.
num_space_committed: 186.
num_space_uncommitted: 0.
num_chunks_returned_to_freelist: 0.
num_chunks_taken_from_freelist: 424.
num_chunk_merges: 0.
num_chunk_splits: 329.
num_chunks_enlarged: 257.
num_purges: 0.

CodeHeap 'non-profiled nmethods': size=119168Kb used=2279Kb max_used=2279Kb free=116888Kb
 bounds [0x000001f5bb900000, 0x000001f5bbb70000, 0x000001f5c2d60000]
CodeHeap 'profiled nmethods': size=119104Kb used=4399Kb max_used=4399Kb free=114704Kb
 bounds [0x000001f5b44b0000, 0x000001f5b4900000, 0x000001f5bb900000]
CodeHeap 'non-nmethods': size=7488Kb used=1714Kb max_used=2929Kb free=5773Kb
 bounds [0x000001f5b3d60000, 0x000001f5b4050000, 0x000001f5b44b0000]
 total_blobs=3623 nmethods=2457 adapters=1079
 compilation: enabled
              stopped_count=0, restarted_count=0
 full_count=0

Compilation events (20 events):
Event: 21.266 Thread 0x000001f5da80d5a0 2449       4       com.entity.game.client.voxelhandling.TerrainGeneration::genFirst (537 bytes)
Event: 21.402 Thread 0x000001f5da80d5a0 nmethod 2449 0x000001f5bbb32610 code [0x000001f5bbb32b00, 0x000001f5bbb37150]
Event: 21.839 Thread 0x000001f5da80def0 2450       3       com.entity.game.client.textMesh.TextMeshCreator::createStructure (202 bytes)
Event: 21.840 Thread 0x000001f5da80def0 nmethod 2450 0x000001f5b48f6390 code [0x000001f5b48f6740, 0x000001f5b48f8168]
Event: 22.842 Thread 0x000001f5da80def0 2451       3       java.util.Spliterator::getExactSizeIfKnown (25 bytes)
Event: 22.842 Thread 0x000001f5da80def0 nmethod 2451 0x000001f5b48f8b90 code [0x000001f5b48f8d40, 0x000001f5b48f9038]
Event: 22.842 Thread 0x000001f5da80def0 2452       3       java.util.stream.Sink::end (1 bytes)
Event: 22.842 Thread 0x000001f5da80def0 nmethod 2452 0x000001f5b48f9110 code [0x000001f5b48f92a0, 0x000001f5b48f93b8]
Event: 22.842 Thread 0x000001f5da80def0 2453       3       java.util.stream.FindOps$FindOp::evaluateSequential (39 bytes)
Event: 22.843 Thread 0x000001f5da80def0 nmethod 2453 0x000001f5b48f9490 code [0x000001f5b48f9680, 0x000001f5b48f9cc8]
Event: 22.843 Thread 0x000001f5da80def0 2455       3       java.util.stream.AbstractPipeline::copyIntoWithCancel (46 bytes)
Event: 22.843 Thread 0x000001f5da80def0 nmethod 2455 0x000001f5b48f9e90 code [0x000001f5b48fa080, 0x000001f5b48fa598]
Event: 22.843 Thread 0x000001f5da80def0 2454       3       java.util.stream.Sink::begin (1 bytes)
Event: 22.843 Thread 0x000001f5da80def0 nmethod 2454 0x000001f5b48fa790 code [0x000001f5b48fa920, 0x000001f5b48faa38]
Event: 23.360 Thread 0x000001f5da80d5a0 2456       4       com.entity.game.client.world.Player::addForce (104 bytes)
Event: 23.361 Thread 0x000001f5da80d5a0 nmethod 2456 0x000001f5bbb39a10 code [0x000001f5bbb39bc0, 0x000001f5bbb39db8]
Event: 23.836 Thread 0x000001f5da80def0 2457       3       java.lang.String::checkIndex (48 bytes)
Event: 23.836 Thread 0x000001f5da80def0 nmethod 2457 0x000001f5b48fab10 code [0x000001f5b48fad80, 0x000001f5b48fb4f8]
Event: 24.835 Thread 0x000001f5da80def0 2458       3       java.lang.CharacterDataLatin1::getType (11 bytes)
Event: 24.835 Thread 0x000001f5da80def0 nmethod 2458 0x000001f5b48fb810 code [0x000001f5b48fb9c0, 0x000001f5b48fbb78]

GC Heap History (20 events):
Event: 23.595 GC heap before
{Heap before GC invocations=88 (full 0):
 garbage-first heap   total 757760K, used 559595K [0x0000000601000000, 0x0000000800000000)
  region size 4096K, 111 young (454656K), 2 survivors (8192K)
 Metaspace       used 11752K, committed 12032K, reserved 1064960K
  class space    used 683K, committed 832K, reserved 1048576K
}
Event: 23.596 GC heap after
{Heap after GC invocations=89 (full 0):
 garbage-first heap   total 757760K, used 113169K [0x0000000601000000, 0x0000000800000000)
  region size 4096K, 2 young (8192K), 2 survivors (8192K)
 Metaspace       used 11752K, committed 12032K, reserved 1064960K
  class space    used 683K, committed 832K, reserved 1048576K
}
Event: 23.893 GC heap before
{Heap before GC invocations=89 (full 0):
 garbage-first heap   total 757760K, used 559633K [0x0000000601000000, 0x0000000800000000)
  region size 4096K, 111 young (454656K), 2 survivors (8192K)
 Metaspace       used 11753K, committed 12032K, reserved 1064960K
  class space    used 683K, committed 832K, reserved 1048576K
}
Event: 23.894 GC heap after
{Heap after GC invocations=90 (full 0):
 garbage-first heap   total 757760K, used 113158K [0x0000000601000000, 0x0000000800000000)
  region size 4096K, 2 young (8192K), 2 survivors (8192K)
 Metaspace       used 11753K, committed 12032K, reserved 1064960K
  class space    used 683K, committed 832K, reserved 1048576K
}
Event: 24.198 GC heap before
{Heap before GC invocations=90 (full 0):
 garbage-first heap   total 757760K, used 559622K [0x0000000601000000, 0x0000000800000000)
  region size 4096K, 111 young (454656K), 2 survivors (8192K)
 Metaspace       used 11753K, committed 12032K, reserved 1064960K
  class space    used 683K, committed 832K, reserved 1048576K
}
Event: 24.199 GC heap after
{Heap after GC invocations=91 (full 0):
 garbage-first heap   total 757760K, used 113176K [0x0000000601000000, 0x0000000800000000)
  region size 4096K, 2 young (8192K), 2 survivors (8192K)
 Metaspace       used 11753K, committed 12032K, reserved 1064960K
  class space    used 683K, committed 832K, reserved 1048576K
}
Event: 24.505 GC heap before
{Heap before GC invocations=91 (full 0):
 garbage-first heap   total 757760K, used 559640K [0x0000000601000000, 0x0000000800000000)
  region size 4096K, 111 young (454656K), 2 survivors (8192K)
 Metaspace       used 11753K, committed 12032K, reserved 1064960K
  class space    used 683K, committed 832K, reserved 1048576K
}
Event: 24.505 GC heap after
{Heap after GC invocations=92 (full 0):
 garbage-first heap   total 757760K, used 113158K [0x0000000601000000, 0x0000000800000000)
  region size 4096K, 2 young (8192K), 2 survivors (8192K)
 Metaspace       used 11753K, committed 12032K, reserved 1064960K
  class space    used 683K, committed 832K, reserved 1048576K
}
Event: 24.795 GC heap before
{Heap before GC invocations=92 (full 0):
 garbage-first heap   total 757760K, used 559622K [0x0000000601000000, 0x0000000800000000)
  region size 4096K, 111 young (454656K), 2 survivors (8192K)
 Metaspace       used 11753K, committed 12032K, reserved 1064960K
  class space    used 683K, committed 832K, reserved 1048576K
}
Event: 24.796 GC heap after
{Heap after GC invocations=93 (full 0):
 garbage-first heap   total 757760K, used 113523K [0x0000000601000000, 0x0000000800000000)
  region size 4096K, 2 young (8192K), 2 survivors (8192K)
 Metaspace       used 11753K, committed 12032K, reserved 1064960K
  class space    used 683K, committed 832K, reserved 1048576K
}
Event: 25.100 GC heap before
{Heap before GC invocations=93 (full 0):
 garbage-first heap   total 757760K, used 559987K [0x0000000601000000, 0x0000000800000000)
  region size 4096K, 111 young (454656K), 2 survivors (8192K)
 Metaspace       used 11753K, committed 12032K, reserved 1064960K
  class space    used 683K, committed 832K, reserved 1048576K
}
Event: 25.101 GC heap after
{Heap after GC invocations=94 (full 0):
 garbage-first heap   total 757760K, used 113513K [0x0000000601000000, 0x0000000800000000)
  region size 4096K, 1 young (4096K), 1 survivors (4096K)
 Metaspace       used 11753K, committed 12032K, reserved 1064960K
  class space    used 683K, committed 832K, reserved 1048576K
}
Event: 25.383 GC heap before
{Heap before GC invocations=94 (full 0):
 garbage-first heap   total 757760K, used 564073K [0x0000000601000000, 0x0000000800000000)
  region size 4096K, 111 young (454656K), 1 survivors (4096K)
 Metaspace       used 11753K, committed 12032K, reserved 1064960K
  class space    used 683K, committed 832K, reserved 1048576K
}
Event: 25.384 GC heap after
{Heap after GC invocations=95 (full 0):
 garbage-first heap   total 757760K, used 114059K [0x0000000601000000, 0x0000000800000000)
  region size 4096K, 1 young (4096K), 1 survivors (4096K)
 Metaspace       used 11753K, committed 12032K, reserved 1064960K
  class space    used 683K, committed 832K, reserved 1048576K
}
Event: 25.684 GC heap before
{Heap before GC invocations=95 (full 0):
 garbage-first heap   total 757760K, used 564619K [0x0000000601000000, 0x0000000800000000)
  region size 4096K, 111 young (454656K), 1 survivors (4096K)
 Metaspace       used 11753K, committed 12032K, reserved 1064960K
  class space    used 683K, committed 832K, reserved 1048576K
}
Event: 25.685 GC heap after
{Heap after GC invocations=96 (full 0):
 garbage-first heap   total 757760K, used 115150K [0x0000000601000000, 0x0000000800000000)
  region size 4096K, 1 young (4096K), 1 survivors (4096K)
 Metaspace       used 11753K, committed 12032K, reserved 1064960K
  class space    used 683K, committed 832K, reserved 1048576K
}
Event: 25.965 GC heap before
{Heap before GC invocations=96 (full 0):
 garbage-first heap   total 757760K, used 565710K [0x0000000601000000, 0x0000000800000000)
  region size 4096K, 111 young (454656K), 1 survivors (4096K)
 Metaspace       used 11753K, committed 12032K, reserved 1064960K
  class space    used 683K, committed 832K, reserved 1048576K
}
Event: 25.966 GC heap after
{Heap after GC invocations=97 (full 0):
 garbage-first heap   total 757760K, used 115182K [0x0000000601000000, 0x0000000800000000)
  region size 4096K, 1 young (4096K), 1 survivors (4096K)
 Metaspace       used 11753K, committed 12032K, reserved 1064960K
  class space    used 683K, committed 832K, reserved 1048576K
}
Event: 26.233 GC heap before
{Heap before GC invocations=97 (full 0):
 garbage-first heap   total 757760K, used 565742K [0x0000000601000000, 0x0000000800000000)
  region size 4096K, 111 young (454656K), 1 survivors (4096K)
 Metaspace       used 11753K, committed 12032K, reserved 1064960K
  class space    used 683K, committed 832K, reserved 1048576K
}
Event: 26.234 GC heap after
{Heap after GC invocations=98 (full 0):
 garbage-first heap   total 757760K, used 117017K [0x0000000601000000, 0x0000000800000000)
  region size 4096K, 2 young (8192K), 2 survivors (8192K)
 Metaspace       used 11753K, committed 12032K, reserved 1064960K
  class space    used 683K, committed 832K, reserved 1048576K
}

Deoptimization events (20 events):
Event: 21.396 Thread 0x000001f5f45918f0 DEOPT PACKING pc=0x000001f5b48f4906 sp=0x000000281b5ff010
Event: 21.396 Thread 0x000001f5f45918f0 DEOPT UNPACKING pc=0x000001f5b3dadece sp=0x000000281b5fe568 mode 0
Event: 21.397 Thread 0x000001f5f45918f0 DEOPT PACKING pc=0x000001f5b48f45bd sp=0x000000281b5ff010
Event: 21.397 Thread 0x000001f5f45918f0 DEOPT UNPACKING pc=0x000001f5b3dadece sp=0x000000281b5fe568 mode 0
Event: 21.397 Thread 0x000001f5f45918f0 DEOPT PACKING pc=0x000001f5b48f4906 sp=0x000000281b5ff010
Event: 21.397 Thread 0x000001f5f45918f0 DEOPT UNPACKING pc=0x000001f5b3dadece sp=0x000000281b5fe568 mode 0
Event: 21.398 Thread 0x000001f5f45918f0 DEOPT PACKING pc=0x000001f5b48f45bd sp=0x000000281b5ff010
Event: 21.398 Thread 0x000001f5f45918f0 DEOPT UNPACKING pc=0x000001f5b3dadece sp=0x000000281b5fe568 mode 0
Event: 21.398 Thread 0x000001f5f45918f0 DEOPT PACKING pc=0x000001f5b48f4906 sp=0x000000281b5ff010
Event: 21.398 Thread 0x000001f5f45918f0 DEOPT UNPACKING pc=0x000001f5b3dadece sp=0x000000281b5fe568 mode 0
Event: 21.399 Thread 0x000001f5f45918f0 DEOPT PACKING pc=0x000001f5b48f45bd sp=0x000000281b5ff010
Event: 21.399 Thread 0x000001f5f45918f0 DEOPT UNPACKING pc=0x000001f5b3dadece sp=0x000000281b5fe568 mode 0
Event: 21.399 Thread 0x000001f5f45918f0 DEOPT PACKING pc=0x000001f5b48f4906 sp=0x000000281b5ff010
Event: 21.399 Thread 0x000001f5f45918f0 DEOPT UNPACKING pc=0x000001f5b3dadece sp=0x000000281b5fe568 mode 0
Event: 21.400 Thread 0x000001f5f45918f0 DEOPT PACKING pc=0x000001f5b48f45bd sp=0x000000281b5ff010
Event: 21.400 Thread 0x000001f5f45918f0 DEOPT UNPACKING pc=0x000001f5b3dadece sp=0x000000281b5fe568 mode 0
Event: 21.401 Thread 0x000001f5f45918f0 DEOPT PACKING pc=0x000001f5b48f4906 sp=0x000000281b5ff010
Event: 21.401 Thread 0x000001f5f45918f0 DEOPT UNPACKING pc=0x000001f5b3dadece sp=0x000000281b5fe568 mode 0
Event: 21.401 Thread 0x000001f5f45918f0 DEOPT PACKING pc=0x000001f5b48f45bd sp=0x000000281b5ff010
Event: 21.401 Thread 0x000001f5f45918f0 DEOPT UNPACKING pc=0x000001f5b3dadece sp=0x000000281b5fe568 mode 0

Classes unloaded (0 events):
No events

Classes redefined (0 events):
No events

Internal exceptions (20 events):
Event: 0.106 Thread 0x000001f5dab296a0 Exception <a 'java/lang/NoSuchMethodError'{0x000000062098dc08}: 'void java.lang.invoke.DirectMethodHandle$Holder.invokeStatic(java.lang.Object, java.lang.Object)'> (0x000000062098dc08) 
thrown [e:\jenkins\tmp\workspace\build\src\src\hotspot\share\interpreter\linkResolver.cpp, line 790]
Event: 0.150 Thread 0x000001f5a9b8d290 Exception <a 'java/lang/NoSuchMethodError'{0x0000000620430348}: 'void java.lang.invoke.DirectMethodHandle$Holder.invokeSpecial(java.lang.Object, java.lang.Object, java.lang.Object)'> (0x0000000620430348) 
thrown [e:\jenkins\tmp\workspace\build\src\src\hotspot\share\interpreter\linkResolver.cpp, line 790]
Event: 0.151 Thread 0x000001f5a9b8d290 Exception <a 'java/lang/NoSuchMethodError'{0x0000000620440178}: 'java.lang.Object java.lang.invoke.DirectMethodHandle$Holder.invokeStatic(java.lang.Object, java.lang.Object, int)'> (0x0000000620440178) 
thrown [e:\jenkins\tmp\workspace\build\src\src\hotspot\share\interpreter\linkResolver.cpp, line 790]
Event: 0.152 Thread 0x000001f5a9b8d290 Exception <a 'java/lang/NoSuchMethodError'{0x000000062044c308}: 'void java.lang.invoke.DelegatingMethodHandle$Holder.delegate(java.lang.Object, java.lang.Object, int, java.lang.Object)'> (0x000000062044c308) 
thrown [e:\jenkins\tmp\workspace\build\src\src\hotspot\share\interpreter\linkResolver.cpp, line 790]
Event: 0.153 Thread 0x000001f5a9b8d290 Exception <a 'java/lang/NoSuchMethodError'{0x0000000620450458}: 'int java.lang.invoke.DirectMethodHandle$Holder.invokeSpecial(java.lang.Object, java.lang.Object, java.lang.Object)'> (0x0000000620450458) 
thrown [e:\jenkins\tmp\workspace\build\src\src\hotspot\share\interpreter\linkResolver.cpp, line 790]
Event: 0.175 Thread 0x000001f5a9b8d290 Exception <a 'sun/nio/fs/WindowsException'{0x00000006204be618}> (0x00000006204be618) 
thrown [e:\jenkins\tmp\workspace\build\src\src\hotspot\share\prims\jni.cpp, line 579]
Event: 0.175 Thread 0x000001f5a9b8d290 Exception <a 'sun/nio/fs/WindowsException'{0x00000006204beb78}> (0x00000006204beb78) 
thrown [e:\jenkins\tmp\workspace\build\src\src\hotspot\share\prims\jni.cpp, line 579]
Event: 0.197 Thread 0x000001f5a9b8d290 Exception <a 'sun/nio/fs/WindowsException'{0x00000006205a9930}> (0x00000006205a9930) 
thrown [e:\jenkins\tmp\workspace\build\src\src\hotspot\share\prims\jni.cpp, line 579]
Event: 0.197 Thread 0x000001f5a9b8d290 Exception <a 'sun/nio/fs/WindowsException'{0x00000006205a9cb0}> (0x00000006205a9cb0) 
thrown [e:\jenkins\tmp\workspace\build\src\src\hotspot\share\prims\jni.cpp, line 579]
Event: 0.407 Thread 0x000001f5a9b8d290 Exception <a 'sun/nio/fs/WindowsException'{0x0000000620642bf0}> (0x0000000620642bf0) 
thrown [e:\jenkins\tmp\workspace\build\src\src\hotspot\share\prims\jni.cpp, line 579]
Event: 0.407 Thread 0x000001f5a9b8d290 Exception <a 'sun/nio/fs/WindowsException'{0x0000000620642fa8}> (0x0000000620642fa8) 
thrown [e:\jenkins\tmp\workspace\build\src\src\hotspot\share\prims\jni.cpp, line 579]
Event: 0.410 Thread 0x000001f5a9b8d290 Exception <a 'sun/nio/fs/WindowsException'{0x0000000620652a40}> (0x0000000620652a40) 
thrown [e:\jenkins\tmp\workspace\build\src\src\hotspot\share\prims\jni.cpp, line 579]
Event: 0.410 Thread 0x000001f5a9b8d290 Exception <a 'sun/nio/fs/WindowsException'{0x0000000620652d30}> (0x0000000620652d30) 
thrown [e:\jenkins\tmp\workspace\build\src\src\hotspot\share\prims\jni.cpp, line 579]
Event: 0.551 Thread 0x000001f5a9b8d290 Exception <a 'java/lang/NoSuchMethodError'{0x000000061ff09ac0}: 'void java.lang.invoke.DirectMethodHandle$Holder.invokeStatic(java.lang.Object, long, int)'> (0x000000061ff09ac0) 
thrown [e:\jenkins\tmp\workspace\build\src\src\hotspot\share\interpreter\linkResolver.cpp, line 790]
Event: 1.013 Thread 0x000001f5a9b8d290 Exception <a 'java/lang/ClassNotFoundException'{0x0000000620e71828}: sun/awt/resources/spi/awtProvider> (0x0000000620e71828) 
thrown [e:\jenkins\tmp\workspace\build\src\src\hotspot\share\classfile\systemDictionary.cpp, line 256]
Event: 1.018 Thread 0x000001f5a9b8d290 Exception <a 'java/io/FileNotFoundException'{0x0000000620f5a660}> (0x0000000620f5a660) 
thrown [e:\jenkins\tmp\workspace\build\src\src\hotspot\share\prims\jni.cpp, line 579]
Event: 1.021 Thread 0x000001f5a9b8d290 Exception <a 'java/io/FileNotFoundException'{0x0000000620f88ef0}> (0x0000000620f88ef0) 
thrown [e:\jenkins\tmp\workspace\build\src\src\hotspot\share\prims\jni.cpp, line 579]
Event: 1.035 Thread 0x000001f5a9b8d290 Exception <a 'java/lang/NoSuchMethodError'{0x0000000620800398}: 'java.lang.Object java.lang.invoke.DirectMethodHandle$Holder.invokeStaticInit(java.lang.Object, int, int, int, int)'> (0x0000000620800398) 
thrown [e:\jenkins\tmp\workspace\build\src\src\hotspot\share\interpreter\linkResolver.cpp, line 790]
Event: 1.060 Thread 0x000001f5a9b8d290 Exception <a 'java/lang/NoSuchMethodError'{0x0000000620870540}: 'java.lang.Object java.lang.invoke.DirectMethodHandle$Holder.invokeStaticInit(java.lang.Object, java.lang.Object, int, int, int, int)'> (0x0000000620870540) 
thrown [e:\jenkins\tmp\workspace\build\src\src\hotspot\share\interpreter\linkResolver.cpp, line 790]
Event: 15.030 Thread 0x000001f5f45918f0 Implicit null exception at 0x000001f5bbad80df to 0x000001f5bbadb620

Events (20 events):
Event: 23.595 Executing  VM operation: G1CollectForAllocation
Event: 23.596 Executing  VM operation: G1CollectForAllocation done
Event: 23.893 Executing  VM operation: G1CollectForAllocation
Event: 23.894 Executing  VM operation: G1CollectForAllocation done
Event: 24.198 Executing  VM operation: G1CollectForAllocation
Event: 24.199 Executing  VM operation: G1CollectForAllocation done
Event: 24.505 Executing  VM operation: G1CollectForAllocation
Event: 24.505 Executing  VM operation: G1CollectForAllocation done
Event: 24.795 Executing  VM operation: G1CollectForAllocation
Event: 24.796 Executing  VM operation: G1CollectForAllocation done
Event: 25.100 Executing  VM operation: G1CollectForAllocation
Event: 25.101 Executing  VM operation: G1CollectForAllocation done
Event: 25.383 Executing  VM operation: G1CollectForAllocation
Event: 25.384 Executing  VM operation: G1CollectForAllocation done
Event: 25.684 Executing  VM operation: G1CollectForAllocation
Event: 25.685 Executing  VM operation: G1CollectForAllocation done
Event: 25.965 Executing  VM operation: G1CollectForAllocation
Event: 25.966 Executing  VM operation: G1CollectForAllocation done
Event: 26.233 Executing  VM operation: G1CollectForAllocation
Event: 26.234 Executing  VM operation: G1CollectForAllocation done


Dynamic libraries:
0x00007ff618500000 - 0x00007ff61850e000 	C:\Program Files\AdoptOpenJDK\jdk-16.0.1.9-hotspot\bin\java.exe
0x00007ffe8a770000 - 0x00007ffe8a965000 	C:\WINDOWS\SYSTEM32\ntdll.dll
0x00007ffe88a80000 - 0x00007ffe88b3e000 	C:\WINDOWS\System32\KERNEL32.DLL
0x00007ffe88230000 - 0x00007ffe884f9000 	C:\WINDOWS\System32\KERNELBASE.dll
0x00007ffe88080000 - 0x00007ffe88180000 	C:\WINDOWS\System32\ucrtbase.dll
0x00007ffe70520000 - 0x00007ffe70538000 	C:\Program Files\AdoptOpenJDK\jdk-16.0.1.9-hotspot\bin\jli.dll
0x00007ffe6ea60000 - 0x00007ffe6ea79000 	C:\Program Files\AdoptOpenJDK\jdk-16.0.1.9-hotspot\bin\VCRUNTIME140.dll
0x00007ffe888d0000 - 0x00007ffe88a71000 	C:\WINDOWS\System32\USER32.dll
0x00007ffe88500000 - 0x00007ffe88522000 	C:\WINDOWS\System32\win32u.dll
0x00007ffe7bc90000 - 0x00007ffe7bf2a000 	C:\WINDOWS\WinSxS\amd64_microsoft.windows.common-controls_6595b64144ccf1df_6.0.19041.1110_none_60b5254171f9507e\COMCTL32.dll
0x00007ffe89490000 - 0x00007ffe894bb000 	C:\WINDOWS\System32\GDI32.dll
0x00007ffe89ad0000 - 0x00007ffe89b6e000 	C:\WINDOWS\System32\msvcrt.dll
0x00007ffe87e90000 - 0x00007ffe87f9b000 	C:\WINDOWS\System32\gdi32full.dll
0x00007ffe88690000 - 0x00007ffe8872d000 	C:\WINDOWS\System32\msvcp_win.dll
0x00007ffe89aa0000 - 0x00007ffe89ad0000 	C:\WINDOWS\System32\IMM32.DLL
0x00007ffe855a0000 - 0x00007ffe855ac000 	C:\Program Files\AdoptOpenJDK\jdk-16.0.1.9-hotspot\bin\vcruntime140_1.dll
0x00007ffe69f20000 - 0x00007ffe69fb1000 	C:\Program Files\AdoptOpenJDK\jdk-16.0.1.9-hotspot\bin\msvcp140.dll
0x00007ffe52510000 - 0x00007ffe53148000 	C:\Program Files\AdoptOpenJDK\jdk-16.0.1.9-hotspot\bin\server\jvm.dll
0x00007ffe894c0000 - 0x00007ffe8956c000 	C:\WINDOWS\System32\ADVAPI32.dll
0x00007ffe896a0000 - 0x00007ffe8973b000 	C:\WINDOWS\System32\sechost.dll
0x00007ffe88cf0000 - 0x00007ffe88e1a000 	C:\WINDOWS\System32\RPCRT4.dll
0x00007ffe897d0000 - 0x00007ffe897d8000 	C:\WINDOWS\System32\PSAPI.DLL
0x00007ffe85590000 - 0x00007ffe85599000 	C:\WINDOWS\SYSTEM32\WSOCK32.dll
0x00007ffe81360000 - 0x00007ffe8136a000 	C:\WINDOWS\SYSTEM32\VERSION.dll
0x00007ffe88eb0000 - 0x00007ffe88f1b000 	C:\WINDOWS\System32\WS2_32.dll
0x00007ffe7d940000 - 0x00007ffe7d967000 	C:\WINDOWS\SYSTEM32\WINMM.dll
0x00007ffe85da0000 - 0x00007ffe85db2000 	C:\WINDOWS\SYSTEM32\kernel.appcore.dll
0x00007ffe79c20000 - 0x00007ffe79c2a000 	C:\Program Files\AdoptOpenJDK\jdk-16.0.1.9-hotspot\bin\jimage.dll
0x00007ffe6f670000 - 0x00007ffe6f854000 	C:\WINDOWS\SYSTEM32\DBGHELP.DLL
0x00007ffe6f570000 - 0x00007ffe6f59c000 	C:\WINDOWS\SYSTEM32\dbgcore.DLL
0x00007ffe88730000 - 0x00007ffe887b3000 	C:\WINDOWS\System32\bcryptPrimitives.dll
0x00007ffe72780000 - 0x00007ffe7278e000 	C:\Program Files\AdoptOpenJDK\jdk-16.0.1.9-hotspot\bin\instrument.dll
0x00007ffe6d430000 - 0x00007ffe6d455000 	C:\Program Files\AdoptOpenJDK\jdk-16.0.1.9-hotspot\bin\java.dll
0x00007ffe89ff0000 - 0x00007ffe8a72f000 	C:\WINDOWS\System32\SHELL32.dll
0x00007ffe85fb0000 - 0x00007ffe86740000 	C:\WINDOWS\SYSTEM32\windows.storage.dll
0x00007ffe88f20000 - 0x00007ffe89275000 	C:\WINDOWS\System32\combase.dll
0x00007ffe878e0000 - 0x00007ffe8790c000 	C:\WINDOWS\SYSTEM32\Wldp.dll
0x00007ffe887c0000 - 0x00007ffe8886d000 	C:\WINDOWS\System32\SHCORE.dll
0x00007ffe89890000 - 0x00007ffe898e5000 	C:\WINDOWS\System32\shlwapi.dll
0x00007ffe87dd0000 - 0x00007ffe87def000 	C:\WINDOWS\SYSTEM32\profapi.dll
0x00007ffe69ec0000 - 0x00007ffe69ed8000 	C:\Program Files\AdoptOpenJDK\jdk-16.0.1.9-hotspot\bin\zip.dll
0x00007ffe69f00000 - 0x00007ffe69f19000 	C:\Program Files\AdoptOpenJDK\jdk-16.0.1.9-hotspot\bin\net.dll
0x00007ffe7e350000 - 0x00007ffe7e458000 	C:\WINDOWS\SYSTEM32\WINHTTP.dll
0x00007ffe87640000 - 0x00007ffe876aa000 	C:\WINDOWS\system32\mswsock.dll
0x00007ffe69ee0000 - 0x00007ffe69ef3000 	C:\Program Files\AdoptOpenJDK\jdk-16.0.1.9-hotspot\bin\nio.dll
0x00007ffe69ea0000 - 0x00007ffe69eba000 	C:\Program Files\JetBrains\IntelliJ IDEA Community Edition 2021.1.2\bin\breakgen64.dll
0x00007ffe71900000 - 0x00007ffe71910000 	C:\Program Files\AdoptOpenJDK\jdk-16.0.1.9-hotspot\bin\verify.dll
0x00007ffe69e30000 - 0x00007ffe69e94000 	C:\Users\Samppa\AppData\Local\Temp\lwjglSamppa\3.2.3-build-13\lwjgl.dll
0x00007ffe69dc0000 - 0x00007ffe69e22000 	C:\Users\Samppa\AppData\Local\Temp\lwjglSamppa\3.2.3-build-13\glfw.dll
0x00007ffe858b0000 - 0x00007ffe8594e000 	C:\WINDOWS\system32\uxtheme.dll
0x00007ffe69d20000 - 0x00007ffe69d65000 	C:\WINDOWS\SYSTEM32\dinput8.dll
0x00007ffe69da0000 - 0x00007ffe69db1000 	C:\WINDOWS\SYSTEM32\xinput1_4.dll
0x00007ffe87fa0000 - 0x00007ffe87fee000 	C:\WINDOWS\System32\cfgmgr32.dll
0x00007ffe87c30000 - 0x00007ffe87c64000 	C:\WINDOWS\SYSTEM32\DEVOBJ.dll
0x00007ffe85ab0000 - 0x00007ffe85adf000 	C:\WINDOWS\SYSTEM32\dwmapi.dll
0x00007ffe70cd0000 - 0x00007ffe70e22000 	C:\WINDOWS\SYSTEM32\inputhost.dll
0x00007ffe898f0000 - 0x00007ffe899bd000 	C:\WINDOWS\System32\OLEAUT32.dll
0x00007ffe835e0000 - 0x00007ffe836d6000 	C:\WINDOWS\SYSTEM32\PROPSYS.dll
0x00007ffe853d0000 - 0x00007ffe854c2000 	C:\WINDOWS\SYSTEM32\CoreMessaging.dll
0x00007ffe83d10000 - 0x00007ffe83e64000 	C:\WINDOWS\SYSTEM32\wintypes.dll
0x00007ffe85070000 - 0x00007ffe853ce000 	C:\WINDOWS\SYSTEM32\CoreUIComponents.dll
0x00007ffe86b80000 - 0x00007ffe86bb3000 	C:\WINDOWS\SYSTEM32\ntmarta.dll
0x00007ffe89580000 - 0x00007ffe89695000 	C:\WINDOWS\System32\MSCTF.dll
0x00007ffe86740000 - 0x00007ffe8674d000 	C:\WINDOWS\SYSTEM32\HID.DLL
0x00007ffe89b70000 - 0x00007ffe89fe2000 	C:\WINDOWS\System32\SETUPAPI.DLL
0x00007ffe87ff0000 - 0x00007ffe88017000 	C:\WINDOWS\System32\bcrypt.dll
0x00007ffe88020000 - 0x00007ffe88080000 	C:\WINDOWS\System32\WINTRUST.dll
0x00007ffe88530000 - 0x00007ffe88686000 	C:\WINDOWS\System32\CRYPT32.dll
0x00007ffe87a70000 - 0x00007ffe87a82000 	C:\WINDOWS\SYSTEM32\MSASN1.dll
0x00007ffe5de90000 - 0x00007ffe5dfb5000 	C:\WINDOWS\SYSTEM32\opengl32.dll
0x00007ffe72630000 - 0x00007ffe7265c000 	C:\WINDOWS\SYSTEM32\GLU32.dll
0x00007ffe897e0000 - 0x00007ffe89889000 	C:\WINDOWS\System32\clbcatq.dll
0x00007ffe4fb80000 - 0x00007ffe52508000 	C:\WINDOWS\System32\DriverStore\FileRepository\nv_dispi.inf_amd64_8e68f77150e57b50\nvoglv64.dll
0x00007ffe89360000 - 0x00007ffe8948a000 	C:\WINDOWS\System32\ole32.dll
0x00007ffe839a0000 - 0x00007ffe839b4000 	C:\WINDOWS\SYSTEM32\WTSAPI32.dll
0x00007ffe812d0000 - 0x00007ffe81301000 	C:\WINDOWS\SYSTEM32\cryptnet.dll
0x00007ffe87850000 - 0x00007ffe8785c000 	C:\WINDOWS\SYSTEM32\cryptbase.dll
0x00007ffe7f1b0000 - 0x00007ffe7f1eb000 	C:\WINDOWS\SYSTEM32\dxcore.dll
0x00007ffe87450000 - 0x00007ffe8749b000 	C:\WINDOWS\SYSTEM32\powrprof.dll
0x00007ffe872c0000 - 0x00007ffe872d2000 	C:\WINDOWS\SYSTEM32\UMPDC.dll
0x00007ffe86bf0000 - 0x00007ffe86c4a000 	C:\WINDOWS\SYSTEM32\WINSTA.dll
0x00007ffe7ede0000 - 0x00007ffe7eed9000 	C:\WINDOWS\SYSTEM32\textinputframework.dll
0x00007ffe67ff0000 - 0x00007ffe68049000 	C:\Users\Samppa\AppData\Local\Temp\lwjglSamppa\3.2.3-build-13\lwjgl_opengl.dll
0x00007ffe5caa0000 - 0x00007ffe5cc1f000 	C:\Program Files\AdoptOpenJDK\jdk-16.0.1.9-hotspot\bin\awt.dll
0x00007ffe856f0000 - 0x00007ffe85780000 	C:\WINDOWS\SYSTEM32\apphelp.dll
0x00007ffe87830000 - 0x00007ffe87848000 	C:\WINDOWS\SYSTEM32\CRYPTSP.dll
0x00007ffe86f50000 - 0x00007ffe86f84000 	C:\WINDOWS\system32\rsaenh.dll
0x00007ffe87d90000 - 0x00007ffe87dbe000 	C:\WINDOWS\SYSTEM32\USERENV.dll
0x00007ffe872e0000 - 0x00007ffe8731b000 	C:\WINDOWS\SYSTEM32\IPHLPAPI.DLL
0x00007ffe88e20000 - 0x00007ffe88e28000 	C:\WINDOWS\System32\NSI.dll
0x00007ffe820d0000 - 0x00007ffe820e7000 	C:\WINDOWS\SYSTEM32\dhcpcsvc6.DLL
0x00007ffe81e60000 - 0x00007ffe81e7d000 	C:\WINDOWS\SYSTEM32\dhcpcsvc.DLL
0x00007ffe87320000 - 0x00007ffe873ec000 	C:\WINDOWS\SYSTEM32\DNSAPI.dll

dbghelp: loaded successfully - version: 4.0.5 - missing functions: none
symbol engine: initialized successfully - sym options: 0x614 - pdb path: .;C:\Program Files\AdoptOpenJDK\jdk-16.0.1.9-hotspot\bin;C:\WINDOWS\SYSTEM32;C:\WINDOWS\WinSxS\amd64_microsoft.windows.common-controls_6595b64144ccf1df_6.0.19041.1110_none_60b5254171f9507e;C:\Program Files\AdoptOpenJDK\jdk-16.0.1.9-hotspot\bin\server;C:\Program Files\JetBrains\IntelliJ IDEA Community Edition 2021.1.2\bin;C:\Users\Samppa\AppData\Local\Temp\lwjglSamppa\3.2.3-build-13;C:\WINDOWS\System32\DriverStore\FileRepository\nv_dispi.inf_amd64_8e68f77150e57b50

VM Arguments:
jvm_args: -javaagent:C:\Program Files\JetBrains\IntelliJ IDEA Community Edition 2021.1.2\lib\idea_rt.jar=33436:C:\Program Files\JetBrains\IntelliJ IDEA Community Edition 2021.1.2\bin -Dfile.encoding=UTF-8 
java_command: com.entity.game.client.Main
java_class_path (initial): C:\Users\Samppa\Desktop\VoxelRealms - Remastered\target\classes;C:\Users\Samppa\.m2\repository\org\lwjgl\lwjgl\3.2.3\lwjgl-3.2.3.jar;C:\Users\Samppa\.m2\repository\org\liquidengine\legui\3.3.1\legui-3.3.1.jar;C:\Users\Samppa\.m2\repository\org\reflections\reflections\0.9.11\reflections-0.9.11.jar;C:\Users\Samppa\.m2\repository\org\javassist\javassist\3.21.0-GA\javassist-3.21.0-GA.jar;C:\Users\Samppa\.m2\repository\org\apache\logging\log4j\log4j-core\2.3\log4j-core-2.3.jar;C:\Users\Samppa\.m2\repository\org\apache\logging\log4j\log4j-api\2.3\log4j-api-2.3.jar;C:\Users\Samppa\.m2\repository\commons-io\commons-io\2.7\commons-io-2.7.jar;C:\Users\Samppa\.m2\repository\org\apache\commons\commons-lang3\3.4\commons-lang3-3.4.jar;C:\Users\Samppa\.m2\repository\org\apache\commons\commons-collections4\4.1\commons-collections4-4.1.jar;C:\Users\Samppa\.m2\repository\com\google\guava\guava\19.0\guava-19.0.jar;C:\Users\Samppa\.m2\repository\com\google\code\gson\gson\2.7\gson-2.7.jar;C:\Users\Samppa\.m2\repository\org\liquidengine\cbchain\1.0.0\cbchain-1.0.0.jar;C:\Users\Samppa\.m2\repository\org\lwjgl\lwjgl-stb\3.2.3\lwjgl-stb-3.2.3.jar;C:\Users\Samppa\.m2\repository\org\lwjgl\lwjgl-stb\3.2.3\lwjgl-stb-3.2.3-natives-windows.jar;C:\Users\Samppa\.m2\repository\org\lwjgl\lwjgl-stb\3.2.3\lwjgl-stb-3.2.3-natives-linux.jar;C:\Users\Samppa\.m2\repository\org\lwjgl\lwjgl-stb\3.2.3\lwjgl-stb-3.2.3-natives-macos.jar;C:\Users\Samppa\.m2\repository\org\lwjgl\lwjgl-glfw\3.2.3\lwjgl-glfw-3.2.3-natives-windows.jar;C:\Users\Samppa\.m2\repository\org\lwjgl\lwjgl-glfw\3.2.3\lwjgl-glfw-3.2.3-natives-linux.jar;C:\Users\Samppa\.m2\repository\org\lwjgl\lwjgl-glfw\3.2.3\lwjgl-glfw-3.2.3-natives-macos.jar;C:\Users\Samppa\.m2\repository\org\lwjgl\lwjgl-nanovg\3.2.3\lwjgl-nanovg-3.2.3.jar;C:\Users\Samppa\.m2\repository\org\lwjgl\lwjgl-nanovg\3.2.3\lwjgl-nanovg-3.2.3-natives-windows.jar;C:\Users\Samppa\.m2\repository\org\lwjgl\lwjgl-nanovg\3.2.3\lwjgl-nanovg-3.2.3-natives-linux.
Launcher Type: SUN_STANDARD

[Global flags]
     intx CICompilerCount                          = 12                                        {product} {ergonomic}
     uint ConcGCThreads                            = 3                                         {product} {ergonomic}
     uint G1ConcRefinementThreads                  = 13                                        {product} {ergonomic}
   size_t G1HeapRegionSize                         = 4194304                                   {product} {ergonomic}
    uintx GCDrainStackTargetSize                   = 64                                        {product} {ergonomic}
   size_t InitialHeapSize                          = 536870912                                 {product} {ergonomic}
   size_t MarkStackSize                            = 4194304                                   {product} {ergonomic}
   size_t MaxHeapSize                              = 8573157376                                {product} {ergonomic}
   size_t MaxNewSize                               = 5142216704                                {product} {ergonomic}
   size_t MinHeapDeltaBytes                        = 4194304                                   {product} {ergonomic}
   size_t MinHeapSize                              = 8388608                                   {product} {ergonomic}
    uintx NonNMethodCodeHeapSize                   = 7602480                                {pd product} {ergonomic}
    uintx NonProfiledCodeHeapSize                  = 122027880                              {pd product} {ergonomic}
    uintx ProfiledCodeHeapSize                     = 122027880                              {pd product} {ergonomic}
    uintx ReservedCodeCacheSize                    = 251658240                              {pd product} {ergonomic}
     bool SegmentedCodeCache                       = true                                      {product} {ergonomic}
   size_t SoftMaxHeapSize                          = 8573157376                             {manageable} {ergonomic}
     bool UseCompressedClassPointers               = true                           {product lp64_product} {ergonomic}
     bool UseCompressedOops                        = true                           {product lp64_product} {ergonomic}
     bool UseG1GC                                  = true                                      {product} {ergonomic}
     bool UseLargePagesIndividualAllocation        = false                                  {pd product} {ergonomic}

Logging:
Log output configuration:
 #0: stdout all=warning uptime,level,tags
 #1: stderr all=off uptime,level,tags

Environment Variables:
PATH=C:\Program Files\AdoptOpenJDK\jdk-16.0.1.9-hotspot\bin;C:\Users\Samppa\AppData\Local\Programs\Python\Python39\Scripts\;C:\Users\Samppa\AppData\Local\Programs\Python\Python39\;C:\Program Files (x86)\Common Files\Oracle\Java\javapath;C:\WINDOWS\system32;C:\WINDOWS;C:\WINDOWS\System32\Wbem;C:\WINDOWS\System32\WindowsPowerShell\v1.0\;C:\WINDOWS\System32\OpenSSH\;C:\Program Files (x86)\NVIDIA Corporation\PhysX\Common;C:\ProgramData\chocolatey\bin;C:\Program Files\nodejs\;C:\Program Files\Git\cmd;C:\apache-maven-3.6.3\bin;C:\Program Files\CMake\bin;C:\Program Files\dotnet\;C:\Gradle\gradle-7.1\bin;C:\Program Files\PuTTY\;C:\Users\Samppa\AppData\Local\Programs\Python\Python37\Scripts\;C:\Users\Samppa\AppData\Local\Programs\Python\Python37\;C:\apache-maven-3.8.1\bin
USERNAME=Samppa
OS=Windows_NT
PROCESSOR_IDENTIFIER=AMD64 Family 23 Model 113 Stepping 0, AuthenticAMD



---------------  S Y S T E M  ---------------

OS:
 Windows 10 , 64 bit Build 19041 (10.0.19041.1202)
OS uptime: 0 days 7:55 hours

CPU: total 16 (initial active 16) (16 cores per cpu, 2 threads per core) family 23 model 113 stepping 0 microcode 0x0, cx8, cmov, fxsr, ht, mmx, 3dnowpref, sse, sse2, sse3, ssse3, sse4a, sse4.1, sse4.2, popcnt, lzcnt, tsc, tscinvbit, avx, avx2, aes, clmul, bmi1, bmi2, adx, sha, fma, vzeroupper, clflush, clflushopt

Memory: 4k page, system-wide physical 32696M (24141M free)
TotalPageFile size 37560M (AvailPageFile size 18849M)
current process WorkingSet (physical memory assigned to process): 835M, peak: 844M
current process commit charge ("private bytes"): 4551M, peak: 4559M

vm_info: OpenJDK 64-Bit Server VM (16.0.1+9) for windows-amd64 JRE (16.0.1+9), built on Apr 21 2021 12:30:27 by "" with MS VC++ 16.7 (VS2019)

END.
